17.06.19 - 06:18:31 # Inicializace j√°dra...
17.06.19 - 06:18:31 # Naƒç√≠t√°m konfiguraƒçn√≠ soubor: ./sys_cfg
17.06.19 - 06:18:31 # Konfigurace naƒçtena
17.06.19 - 06:18:31 # Vl√°kno pro sledov√°n√≠ p≈ôipojen√≠ k poƒç√≠taƒçi PCI vytvo≈ôeno.
17.06.19 - 06:18:31 # Vl√°kno pro sledov√°n√≠ p≈ôipojen√≠ k poƒç√≠taƒçi IIJ vytvo≈ôeno.
17.06.19 - 06:18:31 # Vl√°kno pro sledov√°n√≠ p≈ôipojen√≠ k poƒç√≠taƒçi Qudient vytvo≈ôeno.
17.06.19 - 06:18:31 # Syst√©m GIS √∫spƒõ≈°nƒõ p≈ôipojen.
17.06.19 - 06:18:31 # IO karty √∫spƒõ≈°nƒõ p≈ôipojeny.
17.06.19 - 06:18:31 # Vl√°kno obsluhy stroje vytvo≈ôeno.
17.06.19 - 06:18:31 # J√°dro inicializov√°no. Doba trv√°n√≠ inicializace: 1ms
17.06.19 - 06:18:31 # 8 - Dokonƒçov√°n√≠ procesu tisku.
17.06.19 - 06:18:31 # Ulo≈æen index dne pro statistiku: 43634
17.06.19 - 06:18:31 # Statistika v≈°ech nalo≈æen√Ωch arch≈Ø ulo≈æena: 455737 arch(≈Ø)
17.06.19 - 06:18:31 # Statistika v≈°ech nalo≈æen√Ωch arch≈Ø ulo≈æena: 413463 arch(≈Ø)
17.06.19 - 06:18:31 # Statistika v≈°ech vyhozen√Ωch arch≈Ø ulo≈æena: 42096 arch(≈Ø)
17.06.19 - 06:18:31 # Statistika celkov√© chybovosti ulo≈æena: 9,236906
17.06.19 - 06:18:31 # Statistika nalo≈æen√Ωch arch≈Ø ulo≈æena: 0 arch(≈Ø)
17.06.19 - 06:18:31 # Statistika vylo≈æen√Ωch arch≈Ø ulo≈æena: 0 arch(≈Ø)
17.06.19 - 06:18:31 # Statistika vyhozen√Ωch arch≈Ø ulo≈æena: 0 arch(≈Ø)
17.06.19 - 06:18:31 # Statistika chybovosti ulo≈æena: 0,000000
17.06.19 - 06:18:31 # 0 - ƒåek√°n√≠ na spu≈°tƒõn√≠ jobu
17.06.19 - 06:18:31 # Nastaven re≈æim Gremser stroje: Tisk s inspekc√≠
17.06.19 - 06:18:40 # Ulo≈æen√≠ pr√°zdn√©ho zpƒõtnovazebn√≠ho csv na vyƒçi≈°tƒõn√≠ hotfolderu na adresu: /media/stc/q_hot/data_in_feedback/pöÙNèU
17.06.19 - 06:18:40 # P≈ôesun pdf souboru p≈ôi ƒçi≈°tƒõn√≠ hotfolderu: /media/stc/q_hot/data_out/stc-33843_0001_k_pdf.pdf -> /media/stc/q_hot/data_out/backup/stc-33843_0001_k_pdf.pdf
17.06.19 - 06:18:40 # P≈ôesun bkcore csv souboru p≈ôi ƒçi≈°tƒõn√≠ hotfolderu: /media/stc/q_hot/data_out/stc-33843_0001_k_bkcore.csv -> /media/stc/q_hot/data_out/backup/stc-33843_0001_k_bkcore.csv
17.06.19 - 06:18:40 # P≈ôesun kamerov√©ho csv souboru p≈ôi ƒçi≈°tƒõn√≠ hotfolderu: /media/stc/q_hot/data_out/stc-33843_0001_k_camera.csv -> /media/stc/q_hot/data_out/backup/stc-33843_0001_k_camera.csv
17.06.19 - 06:19:41 # Spu≈°tƒõn tisk jobu stc-33875.
17.06.19 - 06:19:41 # 1 - P≈ô√≠prava dat pro tisk
17.06.19 - 06:19:43 # Naƒçten obsah bkcore csv souboru.
17.06.19 - 06:19:43 # Kop√≠rov√°n√≠  pdf souboru do gisu p≈ôi spu≈°tƒõn√≠ jobu: /media/stc/q_hot/data_out/stc-33875_0001_k_pdf.pdf -> /media/stc/gis_hot/stc-33875_0001_k_pdf.pdf
17.06.19 - 06:19:43 # 3 - Stroj je v chybov√©m stavu!: Nelze odeslat pdf soubor do GISu!
17.06.19 - 06:20:15 # Reset chybov√©ho stavu.
17.06.19 - 06:20:15 # 13 - P≈ôeru≈°en√≠ procesu tisku.
17.06.19 - 06:20:15 # Maz√°n√≠ v√Ωstupn√≠ho kamerov√©ho csv souboru z kamerov√©ho hotfolderu: /media/stc/pci_hot/Output/stc-33875_0001_k_camera.csv
17.06.19 - 06:20:15 # Ulo≈æen√≠ pr√°zdn√©ho zpƒõtnovazebn√≠ho csv pro ukonƒçen√≠ jobu, na adresu: /media/stc/q_hot/data_in_feedback/stc-33875_0001_e_bkcore.csv
17.06.19 - 06:20:15 # 6 - ƒåi≈°tƒõn√≠ hotfolderu na konci tisku.
17.06.19 - 06:20:15 # Maz√°n√≠ v√Ωstupn√≠ho kamerov√©ho csv souboru z kamerov√©ho hotfolderu: /media/stc/pci_hot/Output/stc-33875_0001_k_camera.csv
17.06.19 - 06:20:15 # P≈ôesun pdf souboru p≈ôi ƒçi≈°tƒõn√≠ hotfolderu: /media/stc/q_hot/data_out/stc-33875_0001_k_pdf.pdf -> /media/stc/q_hot/data_out/backup/stc-33875_0001_k_pdf.pdf
17.06.19 - 06:20:15 # P≈ôesun bkcore csv souboru p≈ôi ƒçi≈°tƒõn√≠ hotfolderu: /media/stc/q_hot/data_out/stc-33875_0001_k_bkcore.csv -> /media/stc/q_hot/data_out/backup/stc-33875_0001_k_bkcore.csv
17.06.19 - 06:20:15 # P≈ôesun kamerov√©ho csv souboru p≈ôi ƒçi≈°tƒõn√≠ hotfolderu: /media/stc/q_hot/data_out/stc-33875_0001_k_camera.csv -> /media/stc/q_hot/data_out/backup/stc-33875_0001_k_camera.csv
17.06.19 - 06:20:15 # 8 - Dokonƒçov√°n√≠ procesu tisku.
17.06.19 - 06:20:15 # Ulo≈æen index dne pro statistiku: 43634
17.06.19 - 06:20:15 # Statistika v≈°ech nalo≈æen√Ωch arch≈Ø ulo≈æena: 455737 arch(≈Ø)
17.06.19 - 06:20:15 # Statistika v≈°ech nalo≈æen√Ωch arch≈Ø ulo≈æena: 413463 arch(≈Ø)
17.06.19 - 06:20:15 # Statistika v≈°ech vyhozen√Ωch arch≈Ø ulo≈æena: 42096 arch(≈Ø)
17.06.19 - 06:20:15 # Statistika celkov√© chybovosti ulo≈æena: 9,236906
17.06.19 - 06:20:15 # Statistika nalo≈æen√Ωch arch≈Ø ulo≈æena: 0 arch(≈Ø)
17.06.19 - 06:20:15 # Statistika vylo≈æen√Ωch arch≈Ø ulo≈æena: 0 arch(≈Ø)
17.06.19 - 06:20:15 # Statistika vyhozen√Ωch arch≈Ø ulo≈æena: 0 arch(≈Ø)
17.06.19 - 06:20:15 # Statistika chybovosti ulo≈æena: 0,000000
17.06.19 - 06:20:15 # Ulo≈æen√≠ reportov√©ho csv na adresu: /home/stc/host-bk/job_info_csv/V19097_5.csv
17.06.19 - 06:20:15 # 0 - ƒåek√°n√≠ na spu≈°tƒõn√≠ jobu
17.06.19 - 06:20:46 # Spu≈°tƒõn tisk jobu stc-33889.
17.06.19 - 06:20:46 # 1 - P≈ô√≠prava dat pro tisk
17.06.19 - 06:20:48 # Naƒçten obsah bkcore csv souboru.
17.06.19 - 06:20:48 # Kop√≠rov√°n√≠  pdf souboru do gisu p≈ôi spu≈°tƒõn√≠ jobu: /media/stc/q_hot/data_out/stc-33889_0001_k_pdf.pdf -> /media/stc/gis_hot/stc-33889_0001_k_pdf.pdf
17.06.19 - 06:20:48 # 3 - Stroj je v chybov√©m stavu!: Nelze odeslat pdf soubor do GISu!
