22.11.19 - 07:38:40 # Inicializace j치dra...
22.11.19 - 07:38:40 # Na캜칤t치m konfigura캜n칤 soubor: ./sys_cfg
22.11.19 - 07:38:40 # Konfigurace na캜tena
22.11.19 - 07:38:40 # Vl치kno pro sledov치n칤 p콏ipojen칤 k po캜칤ta캜i PCI vytvo콏eno.
22.11.19 - 07:38:40 # Vl치kno pro sledov치n칤 p콏ipojen칤 k po캜칤ta캜i IIJ vytvo콏eno.
22.11.19 - 07:38:40 # Vl치kno pro sledov치n칤 p콏ipojen칤 k po캜칤ta캜i Qudient vytvo콏eno.
22.11.19 - 07:38:40 # Syst칠m GIS 칰sp캩코n캩 p콏ipojen.
22.11.19 - 07:38:40 # IO karty 칰sp캩코n캩 p콏ipojeny.
22.11.19 - 07:38:40 # Vl치kno obsluhy stroje vytvo콏eno.
22.11.19 - 07:38:40 # J치dro inicializov치no. Doba trv치n칤 inicializace: 618ms
22.11.19 - 07:38:40 # 8 - Dokon캜ov치n칤 procesu tisku.
22.11.19 - 07:38:40 # Ulo쬰n index dne pro statistiku: 43791
22.11.19 - 07:38:40 # Nastaven re쬴m Gremser stroje: Tisk s inspekc칤
22.11.19 - 07:38:40 # Statistika v코ech nalo쬰n칳ch arch콢 ulo쬰na: 1115557 arch(콢)
22.11.19 - 07:38:41 # Statistika v코ech nalo쬰n칳ch arch콢 ulo쬰na: 1005823 arch(콢)
22.11.19 - 07:38:41 # Statistika v코ech vyhozen칳ch arch콢 ulo쬰na: 109662 arch(콢)
22.11.19 - 07:38:41 # Statistika celkov칠 chybovosti ulo쬰na: 9,830246
22.11.19 - 07:38:41 # Statistika nalo쬰n칳ch arch콢 ulo쬰na: 525 arch(콢)
22.11.19 - 07:38:41 # Statistika vylo쬰n칳ch arch콢 ulo쬰na: 465 arch(콢)
22.11.19 - 07:38:41 # Statistika vyhozen칳ch arch콢 ulo쬰na: 60 arch(콢)
22.11.19 - 07:38:41 # Statistika chybovosti ulo쬰na: 11,428571
22.11.19 - 07:38:41 # 0 - 캛ek치n칤 na spu코t캩n칤 jobu
22.11.19 - 07:38:55 # Pokus o spu코t캩n칤 tisku zkon캜il chybou: 6 - Nesoulad po콏adov칳ch index콢 job콢!
22.11.19 - 07:38:55 # 3 - Stroj je v chybov칠m stavu!: Nesoulad po콏adov칳ch index콢 job콢!
22.11.19 - 07:38:59 # Reset chybov칠ho stavu.
22.11.19 - 07:38:59 # 13 - P콏eru코en칤 procesu tisku.
22.11.19 - 07:38:59 # 6 - 캛i코t캩n칤 hotfolderu na konci tisku.
22.11.19 - 07:38:59 # 8 - Dokon캜ov치n칤 procesu tisku.
22.11.19 - 07:38:59 # Ulo쬰n index dne pro statistiku: 43791
22.11.19 - 07:38:59 # Statistika v코ech nalo쬰n칳ch arch콢 ulo쬰na: 1115557 arch(콢)
22.11.19 - 07:38:59 # Statistika v코ech nalo쬰n칳ch arch콢 ulo쬰na: 1005823 arch(콢)
22.11.19 - 07:38:59 # Statistika v코ech vyhozen칳ch arch콢 ulo쬰na: 109662 arch(콢)
22.11.19 - 07:38:59 # Statistika celkov칠 chybovosti ulo쬰na: 9,830246
22.11.19 - 07:38:59 # Statistika nalo쬰n칳ch arch콢 ulo쬰na: 525 arch(콢)
22.11.19 - 07:38:59 # Statistika vylo쬰n칳ch arch콢 ulo쬰na: 465 arch(콢)
22.11.19 - 07:38:59 # Statistika vyhozen칳ch arch콢 ulo쬰na: 60 arch(콢)
22.11.19 - 07:38:59 # Statistika chybovosti ulo쬰na: 11,428571
22.11.19 - 07:38:59 # 0 - 캛ek치n칤 na spu코t캩n칤 jobu
22.11.19 - 07:39:15 # Ulo쬰n칤 pr치zdn칠ho zp캩tnovazebn칤ho csv na vy캜i코t캩n칤 hotfolderu na adresu: /media/stc/q_hot/data_in_feedback/ 붛|HV
22.11.19 - 07:39:15 # P콏esun pdf souboru p콏i 캜i코t캩n칤 hotfolderu: /media/stc/q_hot/data_out/stc-53200_0002_k_pdf.pdf -> /media/stc/q_hot/data_out/backup/stc-53200_0002_k_pdf.pdf
22.11.19 - 07:39:15 # P콏esun bkcore csv souboru p콏i 캜i코t캩n칤 hotfolderu: /media/stc/q_hot/data_out/stc-53200_0002_k_bkcore.csv -> /media/stc/q_hot/data_out/backup/stc-53200_0002_k_bkcore.csv
22.11.19 - 07:39:15 # P콏esun kamerov칠ho csv souboru p콏i 캜i코t캩n칤 hotfolderu: /media/stc/q_hot/data_out/stc-53200_0002_k_camera.csv -> /media/stc/q_hot/data_out/backup/stc-53200_0002_k_camera.csv
22.11.19 - 07:39:34 # Spu코t캩n tisk jobu stc-53508.
22.11.19 - 07:39:34 # 1 - P콏칤prava dat pro tisk
22.11.19 - 07:39:36 # Na캜ten obsah bkcore csv souboru.
22.11.19 - 07:39:36 # Kop칤rov치n칤  pdf souboru do gisu p콏i spu코t캩n칤 jobu: /media/stc/q_hot/data_out/stc-53508_0001_k_pdf.pdf -> /media/stc/gis_hot/stc-53508_0001_k_pdf.pdf
22.11.19 - 07:39:36 # Kop칤rov치n칤 kamerov칠ho csv souboru do kameray p콏i spu코t캩n칤 jobu: /media/stc/q_hot/data_out/stc-53508_0001_k_camera.csv -> /media/stc/pci_hot/Input/stc-53508_0001_k_camera.csv
22.11.19 - 07:39:36 # Na캜ten bkcore csv soubor s 25 archy
22.11.19 - 07:39:36 # 14 - 캛ek치n칤 na inicializaci stroje.
22.11.19 - 07:39:39 # 3 - Stroj je v chybov칠m stavu!: Po캜칤ta캜 Quadient neodpov칤d치!
22.11.19 - 07:49:37 # Ulo쬰n index dne pro statistiku: 43791
22.11.19 - 07:49:37 # Statistika v코ech nalo쬰n칳ch arch콢 ulo쬰na: 1115557 arch(콢)
22.11.19 - 07:49:37 # Statistika v코ech nalo쬰n칳ch arch콢 ulo쬰na: 1005823 arch(콢)
22.11.19 - 07:49:37 # Statistika v코ech vyhozen칳ch arch콢 ulo쬰na: 109662 arch(콢)
22.11.19 - 07:49:37 # Statistika celkov칠 chybovosti ulo쬰na: 9,830246
22.11.19 - 07:49:37 # Statistika nalo쬰n칳ch arch콢 ulo쬰na: 525 arch(콢)
22.11.19 - 07:49:37 # Statistika vylo쬰n칳ch arch콢 ulo쬰na: 465 arch(콢)
22.11.19 - 07:49:37 # Statistika vyhozen칳ch arch콢 ulo쬰na: 60 arch(콢)
22.11.19 - 07:49:37 # Statistika chybovosti ulo쬰na: 11,428571
22.11.19 - 07:49:37 # Spojen칤 s GISem ukon캜eno.
22.11.19 - 07:49:38 # J치dro 칰sp캩코n캩 ukon캜eno.
