22.11.19 - 08:26:20 # Inicializace j√°dra...
22.11.19 - 08:26:20 # Naƒç√≠t√°m konfiguraƒçn√≠ soubor: ./sys_cfg
22.11.19 - 08:26:20 # Konfigurace naƒçtena
22.11.19 - 08:26:20 # Vl√°kno pro sledov√°n√≠ p≈ôipojen√≠ k poƒç√≠taƒçi PCI vytvo≈ôeno.
22.11.19 - 08:26:20 # Vl√°kno pro sledov√°n√≠ p≈ôipojen√≠ k poƒç√≠taƒçi IIJ vytvo≈ôeno.
22.11.19 - 08:26:20 # Vl√°kno pro sledov√°n√≠ p≈ôipojen√≠ k poƒç√≠taƒçi Qudient vytvo≈ôeno.
22.11.19 - 08:26:20 # Syst√©m GIS √∫spƒõ≈°nƒõ p≈ôipojen.
22.11.19 - 08:26:20 # IO karty √∫spƒõ≈°nƒõ p≈ôipojeny.
22.11.19 - 08:26:20 # Vl√°kno obsluhy stroje vytvo≈ôeno.
22.11.19 - 08:26:20 # J√°dro inicializov√°no. Doba trv√°n√≠ inicializace: 1ms
22.11.19 - 08:26:20 # 8 - Dokonƒçov√°n√≠ procesu tisku.
22.11.19 - 08:26:20 # Ulo≈æen index dne pro statistiku: 43791
22.11.19 - 08:26:20 # Statistika v≈°ech nalo≈æen√Ωch arch≈Ø ulo≈æena: 1115586 arch(≈Ø)
22.11.19 - 08:26:20 # Statistika v≈°ech nalo≈æen√Ωch arch≈Ø ulo≈æena: 1005849 arch(≈Ø)
22.11.19 - 08:26:20 # Statistika v≈°ech vyhozen√Ωch arch≈Ø ulo≈æena: 109665 arch(≈Ø)
22.11.19 - 08:26:20 # Statistika celkov√© chybovosti ulo≈æena: 9,830260
22.11.19 - 08:26:20 # Statistika nalo≈æen√Ωch arch≈Ø ulo≈æena: 554 arch(≈Ø)
22.11.19 - 08:26:20 # Statistika vylo≈æen√Ωch arch≈Ø ulo≈æena: 491 arch(≈Ø)
22.11.19 - 08:26:20 # Statistika vyhozen√Ωch arch≈Ø ulo≈æena: 63 arch(≈Ø)
22.11.19 - 08:26:20 # Statistika chybovosti ulo≈æena: 11,371841
22.11.19 - 08:26:20 # 0 - ƒåek√°n√≠ na spu≈°tƒõn√≠ jobu
22.11.19 - 08:26:20 # Nastaven re≈æim Gremser stroje: Tisk s inspekc√≠
22.11.19 - 08:26:26 # Pokus o spu≈°tƒõn√≠ tisku zkonƒçil chybou: 6 - Nesoulad po≈ôadov√Ωch index≈Ø job≈Ø!
22.11.19 - 08:26:26 # 3 - Stroj je v chybov√©m stavu!: Nesoulad po≈ôadov√Ωch index≈Ø job≈Ø!
22.11.19 - 08:26:34 # Reset chybov√©ho stavu.
22.11.19 - 08:26:34 # 13 - P≈ôeru≈°en√≠ procesu tisku.
22.11.19 - 08:26:35 # 6 - ƒåi≈°tƒõn√≠ hotfolderu na konci tisku.
22.11.19 - 08:26:35 # 8 - Dokonƒçov√°n√≠ procesu tisku.
22.11.19 - 08:26:35 # Ulo≈æen index dne pro statistiku: 43791
22.11.19 - 08:26:35 # Statistika v≈°ech nalo≈æen√Ωch arch≈Ø ulo≈æena: 1115586 arch(≈Ø)
22.11.19 - 08:26:35 # Statistika v≈°ech nalo≈æen√Ωch arch≈Ø ulo≈æena: 1005849 arch(≈Ø)
22.11.19 - 08:26:35 # Statistika v≈°ech vyhozen√Ωch arch≈Ø ulo≈æena: 109665 arch(≈Ø)
22.11.19 - 08:26:35 # Statistika celkov√© chybovosti ulo≈æena: 9,830260
22.11.19 - 08:26:35 # Statistika nalo≈æen√Ωch arch≈Ø ulo≈æena: 554 arch(≈Ø)
22.11.19 - 08:26:35 # Statistika vylo≈æen√Ωch arch≈Ø ulo≈æena: 491 arch(≈Ø)
22.11.19 - 08:26:35 # Statistika vyhozen√Ωch arch≈Ø ulo≈æena: 63 arch(≈Ø)
22.11.19 - 08:26:35 # Statistika chybovosti ulo≈æena: 11,371841
22.11.19 - 08:26:35 # 0 - ƒåek√°n√≠ na spu≈°tƒõn√≠ jobu
22.11.19 - 08:27:18 # Ulo≈æen√≠ pr√°zdn√©ho zpƒõtnovazebn√≠ho csv na vyƒçi≈°tƒõn√≠ hotfolderu na adresu: /media/stc/q_hot/data_in_feedback/–¶ÔU
22.11.19 - 08:27:18 # P≈ôesun pdf souboru p≈ôi ƒçi≈°tƒõn√≠ hotfolderu: /media/stc/q_hot/data_out/stc-53200_0004_k_pdf.pdf -> /media/stc/q_hot/data_out/backup/stc-53200_0004_k_pdf.pdf
22.11.19 - 08:27:18 # P≈ôesun bkcore csv souboru p≈ôi ƒçi≈°tƒõn√≠ hotfolderu: /media/stc/q_hot/data_out/stc-53200_0004_k_bkcore.csv -> /media/stc/q_hot/data_out/backup/stc-53200_0004_k_bkcore.csv
22.11.19 - 08:27:18 # P≈ôesun kamerov√©ho csv souboru p≈ôi ƒçi≈°tƒõn√≠ hotfolderu: /media/stc/q_hot/data_out/stc-53200_0004_k_camera.csv -> /media/stc/q_hot/data_out/backup/stc-53200_0004_k_camera.csv
22.11.19 - 08:27:18 # Ulo≈æen√≠ pr√°zdn√©ho zpƒõtnovazebn√≠ho csv na vyƒçi≈°tƒõn√≠ hotfolderu na adresu: /media/stc/q_hot/data_in_feedback/–¶ÔU
22.11.19 - 08:27:18 # P≈ôesun pdf souboru p≈ôi ƒçi≈°tƒõn√≠ hotfolderu: /media/stc/q_hot/data_out/stc-53508_0001_k_pdf.pdf -> /media/stc/q_hot/data_out/backup/stc-53508_0001_k_pdf.pdf
22.11.19 - 08:27:18 # P≈ôesun bkcore csv souboru p≈ôi ƒçi≈°tƒõn√≠ hotfolderu: /media/stc/q_hot/data_out/stc-53508_0001_k_bkcore.csv -> /media/stc/q_hot/data_out/backup/stc-53508_0001_k_bkcore.csv
22.11.19 - 08:27:18 # P≈ôesun kamerov√©ho csv souboru p≈ôi ƒçi≈°tƒõn√≠ hotfolderu: /media/stc/q_hot/data_out/stc-53508_0001_k_camera.csv -> /media/stc/q_hot/data_out/backup/stc-53508_0001_k_camera.csv
22.11.19 - 08:31:15 # Spu≈°tƒõn tisk jobu stc-53200.
22.11.19 - 08:31:15 # 1 - P≈ô√≠prava dat pro tisk
22.11.19 - 08:31:17 # Naƒçten obsah bkcore csv souboru.
22.11.19 - 08:31:17 # Kop√≠rov√°n√≠  pdf souboru do gisu p≈ôi spu≈°tƒõn√≠ jobu: /media/stc/q_hot/data_out/stc-53200_0001_k_pdf.pdf -> /media/stc/gis_hot/stc-53200_0001_k_pdf.pdf
22.11.19 - 08:31:17 # Kop√≠rov√°n√≠ kamerov√©ho csv souboru do kameray p≈ôi spu≈°tƒõn√≠ jobu: /media/stc/q_hot/data_out/stc-53200_0001_k_camera.csv -> /media/stc/pci_hot/Input/stc-53200_0001_k_camera.csv
22.11.19 - 08:31:17 # Naƒçten bkcore csv soubor s 500 archy
22.11.19 - 08:31:17 # 14 - ƒåek√°n√≠ na inicializaci stroje.
22.11.19 - 08:31:29 # 11 - ƒåtƒõn√≠ ≈ô√°dku datov√©ho csv souboru.
22.11.19 - 08:31:29 # nalo≈æen√© archy: 0 | pozice v csv souboru: 0 | vylo≈æen√© archy: 0 | vyhozen√© archy: 0
22.11.19 - 08:31:29 # 2 - Tisk
22.11.19 - 08:31:29 # 11 - ƒåtƒõn√≠ ≈ô√°dku datov√©ho csv souboru.
22.11.19 - 08:31:29 # 10 - Tisk pozastaven.
22.11.19 - 08:31:38 # Obnoven√≠ jobu: stc-53200
22.11.19 - 08:31:38 # 18 - ƒåek√°n√≠ na spu≈°tƒõn√≠ stroje
22.11.19 - 08:31:38 # 11 - ƒåtƒõn√≠ ≈ô√°dku datov√©ho csv souboru.
22.11.19 - 08:31:38 # nalo≈æen√© archy: 1 | pozice v csv souboru: 1 | vylo≈æen√© archy: 1 | vyhozen√© archy: 0
22.11.19 - 08:31:38 # 2 - Tisk
22.11.19 - 08:31:38 # Tisk jobu stc-53200 pozastaven.
22.11.19 - 08:31:39 # 11 - ƒåtƒõn√≠ ≈ô√°dku datov√©ho csv souboru.
22.11.19 - 08:31:39 # 10 - Tisk pozastaven.
22.11.19 - 08:31:45 # Obnoven√≠ jobu: stc-53200
22.11.19 - 08:31:45 # 18 - ƒåek√°n√≠ na spu≈°tƒõn√≠ stroje
22.11.19 - 08:31:45 # 11 - ƒåtƒõn√≠ ≈ô√°dku datov√©ho csv souboru.
22.11.19 - 08:31:45 # nalo≈æen√© archy: 2 | pozice v csv souboru: 2 | vylo≈æen√© archy: 2 | vyhozen√© archy: 0
22.11.19 - 08:31:45 # 2 - Tisk
22.11.19 - 08:31:45 # 11 - ƒåtƒõn√≠ ≈ô√°dku datov√©ho csv souboru.
22.11.19 - 08:31:45 # nalo≈æen√© archy: 2 | pozice v csv souboru: 3 | vylo≈æen√© archy: 2 | vyhozen√© archy: 0
22.11.19 - 08:31:45 # 2 - Tisk
22.11.19 - 08:31:46 # 11 - ƒåtƒõn√≠ ≈ô√°dku datov√©ho csv souboru.
22.11.19 - 08:31:46 # nalo≈æen√© archy: 3 | pozice v csv souboru: 4 | vylo≈æen√© archy: 2 | vyhozen√© archy: 0
22.11.19 - 08:31:46 # 2 - Tisk
22.11.19 - 08:31:47 # 11 - ƒåtƒõn√≠ ≈ô√°dku datov√©ho csv souboru.
22.11.19 - 08:31:47 # nalo≈æen√© archy: 4 | pozice v csv souboru: 5 | vylo≈æen√© archy: 2 | vyhozen√© archy: 0
22.11.19 - 08:31:47 # 2 - Tisk
22.11.19 - 08:31:47 # 11 - ƒåtƒõn√≠ ≈ô√°dku datov√©ho csv souboru.
22.11.19 - 08:31:47 # nalo≈æen√© archy: 5 | pozice v csv souboru: 6 | vylo≈æen√© archy: 2 | vyhozen√© archy: 0
22.11.19 - 08:31:47 # 2 - Tisk
22.11.19 - 08:31:48 # 11 - ƒåtƒõn√≠ ≈ô√°dku datov√©ho csv souboru.
22.11.19 - 08:31:48 # nalo≈æen√© archy: 6 | pozice v csv souboru: 7 | vylo≈æen√© archy: 2 | vyhozen√© archy: 0
22.11.19 - 08:31:48 # 2 - Tisk
22.11.19 - 08:31:49 # 11 - ƒåtƒõn√≠ ≈ô√°dku datov√©ho csv souboru.
22.11.19 - 08:31:49 # nalo≈æen√© archy: 7 | pozice v csv souboru: 8 | vylo≈æen√© archy: 2 | vyhozen√© archy: 0
22.11.19 - 08:31:49 # 2 - Tisk
22.11.19 - 08:31:49 # 11 - ƒåtƒõn√≠ ≈ô√°dku datov√©ho csv souboru.
22.11.19 - 08:31:49 # nalo≈æen√© archy: 8 | pozice v csv souboru: 9 | vylo≈æen√© archy: 2 | vyhozen√© archy: 0
22.11.19 - 08:31:49 # 2 - Tisk
22.11.19 - 08:31:50 # 11 - ƒåtƒõn√≠ ≈ô√°dku datov√©ho csv souboru.
22.11.19 - 08:31:50 # nalo≈æen√© archy: 9 | pozice v csv souboru: 10 | vylo≈æen√© archy: 3 | vyhozen√© archy: 0
22.11.19 - 08:31:50 # 2 - Tisk
22.11.19 - 08:31:51 # 11 - ƒåtƒõn√≠ ≈ô√°dku datov√©ho csv souboru.
22.11.19 - 08:31:51 # nalo≈æen√© archy: 10 | pozice v csv souboru: 11 | vylo≈æen√© archy: 4 | vyhozen√© archy: 0
22.11.19 - 08:31:51 # 2 - Tisk
22.11.19 - 08:31:51 # 11 - ƒåtƒõn√≠ ≈ô√°dku datov√©ho csv souboru.
22.11.19 - 08:31:51 # nalo≈æen√© archy: 11 | pozice v csv souboru: 12 | vylo≈æen√© archy: 5 | vyhozen√© archy: 0
22.11.19 - 08:31:51 # 2 - Tisk
22.11.19 - 08:31:52 # 11 - ƒåtƒõn√≠ ≈ô√°dku datov√©ho csv souboru.
22.11.19 - 08:31:52 # nalo≈æen√© archy: 12 | pozice v csv souboru: 13 | vylo≈æen√© archy: 6 | vyhozen√© archy: 0
22.11.19 - 08:31:52 # 2 - Tisk
22.11.19 - 08:31:53 # 11 - ƒåtƒõn√≠ ≈ô√°dku datov√©ho csv souboru.
22.11.19 - 08:31:53 # nalo≈æen√© archy: 13 | pozice v csv souboru: 14 | vylo≈æen√© archy: 7 | vyhozen√© archy: 0
22.11.19 - 08:31:53 # 2 - Tisk
22.11.19 - 08:31:53 # 11 - ƒåtƒõn√≠ ≈ô√°dku datov√©ho csv souboru.
22.11.19 - 08:31:53 # nalo≈æen√© archy: 14 | pozice v csv souboru: 15 | vylo≈æen√© archy: 8 | vyhozen√© archy: 0
22.11.19 - 08:31:53 # 2 - Tisk
22.11.19 - 08:31:54 # 11 - ƒåtƒõn√≠ ≈ô√°dku datov√©ho csv souboru.
22.11.19 - 08:31:54 # nalo≈æen√© archy: 15 | pozice v csv souboru: 16 | vylo≈æen√© archy: 9 | vyhozen√© archy: 0
22.11.19 - 08:31:54 # 2 - Tisk
22.11.19 - 08:31:55 # 11 - ƒåtƒõn√≠ ≈ô√°dku datov√©ho csv souboru.
22.11.19 - 08:31:55 # nalo≈æen√© archy: 16 | pozice v csv souboru: 17 | vylo≈æen√© archy: 10 | vyhozen√© archy: 0
22.11.19 - 08:31:55 # 2 - Tisk
22.11.19 - 08:31:55 # 11 - ƒåtƒõn√≠ ≈ô√°dku datov√©ho csv souboru.
22.11.19 - 08:31:55 # nalo≈æen√© archy: 17 | pozice v csv souboru: 18 | vylo≈æen√© archy: 11 | vyhozen√© archy: 0
22.11.19 - 08:31:55 # 2 - Tisk
22.11.19 - 08:31:56 # 11 - ƒåtƒõn√≠ ≈ô√°dku datov√©ho csv souboru.
22.11.19 - 08:31:56 # nalo≈æen√© archy: 18 | pozice v csv souboru: 19 | vylo≈æen√© archy: 12 | vyhozen√© archy: 0
22.11.19 - 08:31:56 # 2 - Tisk
22.11.19 - 08:31:57 # 11 - ƒåtƒõn√≠ ≈ô√°dku datov√©ho csv souboru.
22.11.19 - 08:31:57 # nalo≈æen√© archy: 19 | pozice v csv souboru: 20 | vylo≈æen√© archy: 13 | vyhozen√© archy: 1
22.11.19 - 08:31:57 # 2 - Tisk
22.11.19 - 08:31:57 # 11 - ƒåtƒõn√≠ ≈ô√°dku datov√©ho csv souboru.
22.11.19 - 08:31:57 # nalo≈æen√© archy: 20 | pozice v csv souboru: 21 | vylo≈æen√© archy: 13 | vyhozen√© archy: 1
22.11.19 - 08:31:57 # 2 - Tisk
22.11.19 - 08:31:58 # 11 - ƒåtƒõn√≠ ≈ô√°dku datov√©ho csv souboru.
22.11.19 - 08:31:58 # nalo≈æen√© archy: 21 | pozice v csv souboru: 22 | vylo≈æen√© archy: 14 | vyhozen√© archy: 1
22.11.19 - 08:31:58 # 2 - Tisk
22.11.19 - 08:31:59 # 11 - ƒåtƒõn√≠ ≈ô√°dku datov√©ho csv souboru.
22.11.19 - 08:31:59 # nalo≈æen√© archy: 22 | pozice v csv souboru: 23 | vylo≈æen√© archy: 15 | vyhozen√© archy: 1
22.11.19 - 08:31:59 # 2 - Tisk
22.11.19 - 08:31:59 # 11 - ƒåtƒõn√≠ ≈ô√°dku datov√©ho csv souboru.
22.11.19 - 08:31:59 # nalo≈æen√© archy: 23 | pozice v csv souboru: 24 | vylo≈æen√© archy: 16 | vyhozen√© archy: 1
22.11.19 - 08:31:59 # 2 - Tisk
22.11.19 - 08:32:00 # 11 - ƒåtƒõn√≠ ≈ô√°dku datov√©ho csv souboru.
22.11.19 - 08:32:00 # nalo≈æen√© archy: 24 | pozice v csv souboru: 25 | vylo≈æen√© archy: 17 | vyhozen√© archy: 2
22.11.19 - 08:32:00 # 2 - Tisk
22.11.19 - 08:32:01 # 11 - ƒåtƒõn√≠ ≈ô√°dku datov√©ho csv souboru.
22.11.19 - 08:32:01 # nalo≈æen√© archy: 25 | pozice v csv souboru: 26 | vylo≈æen√© archy: 17 | vyhozen√© archy: 3
22.11.19 - 08:32:01 # 2 - Tisk
22.11.19 - 08:32:01 # 11 - ƒåtƒõn√≠ ≈ô√°dku datov√©ho csv souboru.
22.11.19 - 08:32:01 # nalo≈æen√© archy: 26 | pozice v csv souboru: 27 | vylo≈æen√© archy: 17 | vyhozen√© archy: 3
22.11.19 - 08:32:01 # 2 - Tisk
22.11.19 - 08:32:02 # 11 - ƒåtƒõn√≠ ≈ô√°dku datov√©ho csv souboru.
22.11.19 - 08:32:02 # nalo≈æen√© archy: 27 | pozice v csv souboru: 28 | vylo≈æen√© archy: 18 | vyhozen√© archy: 3
22.11.19 - 08:32:02 # 2 - Tisk
22.11.19 - 08:32:03 # 11 - ƒåtƒõn√≠ ≈ô√°dku datov√©ho csv souboru.
22.11.19 - 08:32:03 # nalo≈æen√© archy: 28 | pozice v csv souboru: 29 | vylo≈æen√© archy: 19 | vyhozen√© archy: 3
22.11.19 - 08:32:03 # 2 - Tisk
22.11.19 - 08:32:03 # 11 - ƒåtƒõn√≠ ≈ô√°dku datov√©ho csv souboru.
22.11.19 - 08:32:03 # nalo≈æen√© archy: 29 | pozice v csv souboru: 30 | vylo≈æen√© archy: 20 | vyhozen√© archy: 3
22.11.19 - 08:32:03 # 2 - Tisk
22.11.19 - 08:32:04 # 11 - ƒåtƒõn√≠ ≈ô√°dku datov√©ho csv souboru.
22.11.19 - 08:32:04 # nalo≈æen√© archy: 30 | pozice v csv souboru: 31 | vylo≈æen√© archy: 21 | vyhozen√© archy: 3
22.11.19 - 08:32:04 # 2 - Tisk
22.11.19 - 08:32:05 # 11 - ƒåtƒõn√≠ ≈ô√°dku datov√©ho csv souboru.
22.11.19 - 08:32:05 # nalo≈æen√© archy: 31 | pozice v csv souboru: 32 | vylo≈æen√© archy: 22 | vyhozen√© archy: 3
22.11.19 - 08:32:05 # 2 - Tisk
22.11.19 - 08:32:05 # 11 - ƒåtƒõn√≠ ≈ô√°dku datov√©ho csv souboru.
22.11.19 - 08:32:05 # nalo≈æen√© archy: 32 | pozice v csv souboru: 33 | vylo≈æen√© archy: 23 | vyhozen√© archy: 3
22.11.19 - 08:32:05 # 2 - Tisk
22.11.19 - 08:32:06 # 11 - ƒåtƒõn√≠ ≈ô√°dku datov√©ho csv souboru.
22.11.19 - 08:32:06 # nalo≈æen√© archy: 33 | pozice v csv souboru: 34 | vylo≈æen√© archy: 24 | vyhozen√© archy: 3
22.11.19 - 08:32:06 # 2 - Tisk
22.11.19 - 08:32:07 # 11 - ƒåtƒõn√≠ ≈ô√°dku datov√©ho csv souboru.
22.11.19 - 08:32:07 # nalo≈æen√© archy: 34 | pozice v csv souboru: 35 | vylo≈æen√© archy: 25 | vyhozen√© archy: 3
22.11.19 - 08:32:07 # 2 - Tisk
22.11.19 - 08:32:07 # 11 - ƒåtƒõn√≠ ≈ô√°dku datov√©ho csv souboru.
22.11.19 - 08:32:07 # nalo≈æen√© archy: 35 | pozice v csv souboru: 36 | vylo≈æen√© archy: 26 | vyhozen√© archy: 3
22.11.19 - 08:32:07 # 2 - Tisk
22.11.19 - 08:32:08 # 11 - ƒåtƒõn√≠ ≈ô√°dku datov√©ho csv souboru.
22.11.19 - 08:32:08 # nalo≈æen√© archy: 36 | pozice v csv souboru: 37 | vylo≈æen√© archy: 27 | vyhozen√© archy: 3
22.11.19 - 08:32:08 # 2 - Tisk
22.11.19 - 08:32:09 # 11 - ƒåtƒõn√≠ ≈ô√°dku datov√©ho csv souboru.
22.11.19 - 08:32:09 # nalo≈æen√© archy: 37 | pozice v csv souboru: 38 | vylo≈æen√© archy: 28 | vyhozen√© archy: 3
22.11.19 - 08:32:09 # 2 - Tisk
22.11.19 - 08:32:09 # 11 - ƒåtƒõn√≠ ≈ô√°dku datov√©ho csv souboru.
22.11.19 - 08:32:09 # nalo≈æen√© archy: 38 | pozice v csv souboru: 39 | vylo≈æen√© archy: 29 | vyhozen√© archy: 3
22.11.19 - 08:32:09 # 2 - Tisk
22.11.19 - 08:32:10 # 11 - ƒåtƒõn√≠ ≈ô√°dku datov√©ho csv souboru.
22.11.19 - 08:32:10 # nalo≈æen√© archy: 39 | pozice v csv souboru: 40 | vylo≈æen√© archy: 30 | vyhozen√© archy: 3
22.11.19 - 08:32:10 # 2 - Tisk
22.11.19 - 08:32:11 # 11 - ƒåtƒõn√≠ ≈ô√°dku datov√©ho csv souboru.
22.11.19 - 08:32:11 # nalo≈æen√© archy: 40 | pozice v csv souboru: 41 | vylo≈æen√© archy: 31 | vyhozen√© archy: 3
22.11.19 - 08:32:11 # 2 - Tisk
22.11.19 - 08:32:11 # 11 - ƒåtƒõn√≠ ≈ô√°dku datov√©ho csv souboru.
22.11.19 - 08:32:11 # nalo≈æen√© archy: 41 | pozice v csv souboru: 42 | vylo≈æen√© archy: 32 | vyhozen√© archy: 3
22.11.19 - 08:32:11 # 2 - Tisk
22.11.19 - 08:32:12 # 11 - ƒåtƒõn√≠ ≈ô√°dku datov√©ho csv souboru.
22.11.19 - 08:32:12 # nalo≈æen√© archy: 42 | pozice v csv souboru: 43 | vylo≈æen√© archy: 33 | vyhozen√© archy: 3
22.11.19 - 08:32:12 # 2 - Tisk
22.11.19 - 08:32:13 # 11 - ƒåtƒõn√≠ ≈ô√°dku datov√©ho csv souboru.
22.11.19 - 08:32:13 # nalo≈æen√© archy: 43 | pozice v csv souboru: 44 | vylo≈æen√© archy: 34 | vyhozen√© archy: 3
22.11.19 - 08:32:13 # 2 - Tisk
22.11.19 - 08:32:13 # 11 - ƒåtƒõn√≠ ≈ô√°dku datov√©ho csv souboru.
22.11.19 - 08:32:13 # nalo≈æen√© archy: 44 | pozice v csv souboru: 45 | vylo≈æen√© archy: 35 | vyhozen√© archy: 3
22.11.19 - 08:32:13 # 2 - Tisk
22.11.19 - 08:32:14 # 11 - ƒåtƒõn√≠ ≈ô√°dku datov√©ho csv souboru.
22.11.19 - 08:32:14 # nalo≈æen√© archy: 45 | pozice v csv souboru: 46 | vylo≈æen√© archy: 36 | vyhozen√© archy: 3
22.11.19 - 08:32:14 # 2 - Tisk
22.11.19 - 08:32:15 # 11 - ƒåtƒõn√≠ ≈ô√°dku datov√©ho csv souboru.
22.11.19 - 08:32:15 # nalo≈æen√© archy: 46 | pozice v csv souboru: 47 | vylo≈æen√© archy: 37 | vyhozen√© archy: 3
22.11.19 - 08:32:15 # 2 - Tisk
22.11.19 - 08:32:15 # 11 - ƒåtƒõn√≠ ≈ô√°dku datov√©ho csv souboru.
22.11.19 - 08:32:15 # nalo≈æen√© archy: 47 | pozice v csv souboru: 48 | vylo≈æen√© archy: 38 | vyhozen√© archy: 3
22.11.19 - 08:32:15 # 2 - Tisk
22.11.19 - 08:32:16 # 11 - ƒåtƒõn√≠ ≈ô√°dku datov√©ho csv souboru.
22.11.19 - 08:32:16 # nalo≈æen√© archy: 48 | pozice v csv souboru: 49 | vylo≈æen√© archy: 39 | vyhozen√© archy: 3
22.11.19 - 08:32:16 # 2 - Tisk
22.11.19 - 08:32:17 # 11 - ƒåtƒõn√≠ ≈ô√°dku datov√©ho csv souboru.
22.11.19 - 08:32:17 # nalo≈æen√© archy: 49 | pozice v csv souboru: 50 | vylo≈æen√© archy: 40 | vyhozen√© archy: 3
22.11.19 - 08:32:17 # 2 - Tisk
22.11.19 - 08:32:17 # 11 - ƒåtƒõn√≠ ≈ô√°dku datov√©ho csv souboru.
22.11.19 - 08:32:17 # nalo≈æen√© archy: 50 | pozice v csv souboru: 51 | vylo≈æen√© archy: 41 | vyhozen√© archy: 3
22.11.19 - 08:32:17 # 2 - Tisk
22.11.19 - 08:32:18 # 11 - ƒåtƒõn√≠ ≈ô√°dku datov√©ho csv souboru.
22.11.19 - 08:32:18 # nalo≈æen√© archy: 51 | pozice v csv souboru: 52 | vylo≈æen√© archy: 42 | vyhozen√© archy: 3
22.11.19 - 08:32:18 # 2 - Tisk
22.11.19 - 08:32:19 # 11 - ƒåtƒõn√≠ ≈ô√°dku datov√©ho csv souboru.
22.11.19 - 08:32:19 # nalo≈æen√© archy: 52 | pozice v csv souboru: 53 | vylo≈æen√© archy: 43 | vyhozen√© archy: 3
22.11.19 - 08:32:19 # 2 - Tisk
22.11.19 - 08:32:19 # 11 - ƒåtƒõn√≠ ≈ô√°dku datov√©ho csv souboru.
22.11.19 - 08:32:19 # nalo≈æen√© archy: 53 | pozice v csv souboru: 54 | vylo≈æen√© archy: 44 | vyhozen√© archy: 3
22.11.19 - 08:32:19 # 2 - Tisk
22.11.19 - 08:32:20 # 11 - ƒåtƒõn√≠ ≈ô√°dku datov√©ho csv souboru.
22.11.19 - 08:32:20 # nalo≈æen√© archy: 54 | pozice v csv souboru: 55 | vylo≈æen√© archy: 45 | vyhozen√© archy: 4
22.11.19 - 08:32:20 # 2 - Tisk
22.11.19 - 08:32:21 # 11 - ƒåtƒõn√≠ ≈ô√°dku datov√©ho csv souboru.
22.11.19 - 08:32:21 # nalo≈æen√© archy: 55 | pozice v csv souboru: 56 | vylo≈æen√© archy: 45 | vyhozen√© archy: 4
22.11.19 - 08:32:21 # 2 - Tisk
22.11.19 - 08:32:21 # 11 - ƒåtƒõn√≠ ≈ô√°dku datov√©ho csv souboru.
22.11.19 - 08:32:21 # nalo≈æen√© archy: 56 | pozice v csv souboru: 57 | vylo≈æen√© archy: 46 | vyhozen√© archy: 4
22.11.19 - 08:32:21 # 2 - Tisk
22.11.19 - 08:32:22 # 11 - ƒåtƒõn√≠ ≈ô√°dku datov√©ho csv souboru.
22.11.19 - 08:32:22 # nalo≈æen√© archy: 57 | pozice v csv souboru: 58 | vylo≈æen√© archy: 47 | vyhozen√© archy: 4
22.11.19 - 08:32:22 # 2 - Tisk
22.11.19 - 08:32:23 # 11 - ƒåtƒõn√≠ ≈ô√°dku datov√©ho csv souboru.
22.11.19 - 08:32:23 # nalo≈æen√© archy: 58 | pozice v csv souboru: 59 | vylo≈æen√© archy: 48 | vyhozen√© archy: 4
22.11.19 - 08:32:23 # 2 - Tisk
22.11.19 - 08:32:23 # 11 - ƒåtƒõn√≠ ≈ô√°dku datov√©ho csv souboru.
22.11.19 - 08:32:23 # nalo≈æen√© archy: 59 | pozice v csv souboru: 60 | vylo≈æen√© archy: 49 | vyhozen√© archy: 4
22.11.19 - 08:32:23 # 2 - Tisk
22.11.19 - 08:32:24 # 11 - ƒåtƒõn√≠ ≈ô√°dku datov√©ho csv souboru.
22.11.19 - 08:32:24 # nalo≈æen√© archy: 60 | pozice v csv souboru: 61 | vylo≈æen√© archy: 50 | vyhozen√© archy: 4
22.11.19 - 08:32:24 # 2 - Tisk
22.11.19 - 08:32:24 # Tisk jobu stc-53200 pozastaven.
22.11.19 - 08:32:25 # 11 - ƒåtƒõn√≠ ≈ô√°dku datov√©ho csv souboru.
22.11.19 - 08:32:25 # 10 - Tisk pozastaven.
22.11.19 - 08:42:45 # 18 - ƒåek√°n√≠ na spu≈°tƒõn√≠ stroje
22.11.19 - 08:42:51 # 11 - ƒåtƒõn√≠ ≈ô√°dku datov√©ho csv souboru.
22.11.19 - 08:42:51 # nalo≈æen√© archy: 62 | pozice v csv souboru: 62 | vylo≈æen√© archy: 58 | vyhozen√© archy: 4
22.11.19 - 08:42:51 # 2 - Tisk
22.11.19 - 08:42:52 # 11 - ƒåtƒõn√≠ ≈ô√°dku datov√©ho csv souboru.
22.11.19 - 08:42:52 # 10 - Tisk pozastaven.
22.11.19 - 08:44:22 # 18 - ƒåek√°n√≠ na spu≈°tƒõn√≠ stroje
22.11.19 - 08:44:28 # 11 - ƒåtƒõn√≠ ≈ô√°dku datov√©ho csv souboru.
22.11.19 - 08:44:28 # nalo≈æen√© archy: 63 | pozice v csv souboru: 63 | vylo≈æen√© archy: 59 | vyhozen√© archy: 4
22.11.19 - 08:44:28 # 2 - Tisk
22.11.19 - 08:44:29 # 11 - ƒåtƒõn√≠ ≈ô√°dku datov√©ho csv souboru.
22.11.19 - 08:44:29 # 10 - Tisk pozastaven.
22.11.19 - 08:44:51 # 18 - ƒåek√°n√≠ na spu≈°tƒõn√≠ stroje
22.11.19 - 08:44:57 # 11 - ƒåtƒõn√≠ ≈ô√°dku datov√©ho csv souboru.
22.11.19 - 08:44:57 # nalo≈æen√© archy: 64 | pozice v csv souboru: 64 | vylo≈æen√© archy: 60 | vyhozen√© archy: 4
22.11.19 - 08:44:57 # 2 - Tisk
22.11.19 - 08:44:57 # 11 - ƒåtƒõn√≠ ≈ô√°dku datov√©ho csv souboru.
22.11.19 - 08:44:57 # 10 - Tisk pozastaven.
22.11.19 - 08:51:08 # 18 - ƒåek√°n√≠ na spu≈°tƒõn√≠ stroje
22.11.19 - 08:51:14 # 11 - ƒåtƒõn√≠ ≈ô√°dku datov√©ho csv souboru.
22.11.19 - 08:51:14 # nalo≈æen√© archy: 65 | pozice v csv souboru: 65 | vylo≈æen√© archy: 61 | vyhozen√© archy: 4
22.11.19 - 08:51:14 # 2 - Tisk
22.11.19 - 08:51:15 # 11 - ƒåtƒõn√≠ ≈ô√°dku datov√©ho csv souboru.
22.11.19 - 08:51:15 # 10 - Tisk pozastaven.
22.11.19 - 08:51:47 # 18 - ƒåek√°n√≠ na spu≈°tƒõn√≠ stroje
22.11.19 - 08:51:53 # 11 - ƒåtƒõn√≠ ≈ô√°dku datov√©ho csv souboru.
22.11.19 - 08:51:54 # nalo≈æen√© archy: 66 | pozice v csv souboru: 66 | vylo≈æen√© archy: 61 | vyhozen√© archy: 5
22.11.19 - 08:51:54 # 2 - Tisk
22.11.19 - 08:51:54 # 11 - ƒåtƒõn√≠ ≈ô√°dku datov√©ho csv souboru.
22.11.19 - 08:51:54 # 10 - Tisk pozastaven.
22.11.19 - 08:52:25 # 18 - ƒåek√°n√≠ na spu≈°tƒõn√≠ stroje
22.11.19 - 08:52:31 # 11 - ƒåtƒõn√≠ ≈ô√°dku datov√©ho csv souboru.
22.11.19 - 08:52:31 # nalo≈æen√© archy: 67 | pozice v csv souboru: 67 | vylo≈æen√© archy: 61 | vyhozen√© archy: 6
22.11.19 - 08:52:31 # 2 - Tisk
22.11.19 - 08:52:32 # 11 - ƒåtƒõn√≠ ≈ô√°dku datov√©ho csv souboru.
22.11.19 - 08:52:32 # 10 - Tisk pozastaven.
22.11.19 - 08:52:40 # 18 - ƒåek√°n√≠ na spu≈°tƒõn√≠ stroje
22.11.19 - 08:52:40 # 11 - ƒåtƒõn√≠ ≈ô√°dku datov√©ho csv souboru.
22.11.19 - 08:52:40 # nalo≈æen√© archy: 68 | pozice v csv souboru: 68 | vylo≈æen√© archy: 61 | vyhozen√© archy: 7
22.11.19 - 08:52:40 # 2 - Tisk
22.11.19 - 08:52:41 # 11 - ƒåtƒõn√≠ ≈ô√°dku datov√©ho csv souboru.
22.11.19 - 08:52:41 # 10 - Tisk pozastaven.
