25.11.19 - 09:24:10 # Inicializace logu pro monitorovani site...
25.11.19 - 09:24:13 # Received Connection from client!
25.11.19 - 09:24:13 # 25/11/19 - 09:24:13 - client connected - 192.168.50.146

25.11.19 - 09:24:18 # Network connectivity full - error
25.11.19 - 09:24:19 # Network connectivity full - error
25.11.19 - 09:24:20 # Network connectivity full - error
25.11.19 - 09:24:21 # Network connectivity full - error
25.11.19 - 09:24:22 # Network connectivity full - error
25.11.19 - 09:24:23 # Network connectivity full - error
25.11.19 - 09:24:24 # Network connectivity full - error
25.11.19 - 09:24:25 # Network connectivity full - error
25.11.19 - 09:24:26 # Network connectivity full - error
25.11.19 - 09:24:27 # Network connectivity full - error
25.11.19 - 09:24:28 # Network connectivity full - error
25.11.19 - 09:24:29 # Network connectivity full - error
25.11.19 - 09:24:30 # Network connectivity full - error
25.11.19 - 09:24:31 # Network connectivity full - error
25.11.19 - 09:24:32 # Network connectivity full - error
25.11.19 - 09:24:33 # Network connectivity full - error
25.11.19 - 09:24:34 # Network connectivity full - error
25.11.19 - 09:24:35 # Network connectivity full - error
25.11.19 - 09:24:36 # Network connectivity full - error
25.11.19 - 09:24:37 # Network connectivity full - error
25.11.19 - 09:24:38 # Network connectivity full - error
25.11.19 - 09:24:39 # Network connectivity full - error
25.11.19 - 09:24:40 # Network connectivity full - error
25.11.19 - 09:24:41 # Network connectivity full - error
25.11.19 - 09:24:42 # Network connectivity full - error
25.11.19 - 09:24:43 # Network connectivity full - error
25.11.19 - 09:24:44 # Network connectivity full - error
25.11.19 - 09:24:45 # Network connectivity full - error
25.11.19 - 09:24:46 # Network connectivity full - error
25.11.19 - 09:24:47 # Network connectivity full - error
25.11.19 - 09:24:48 # Network connectivity full - error
25.11.19 - 09:24:49 # Network connectivity full - error
25.11.19 - 09:24:50 # Network connectivity full - error
25.11.19 - 09:24:51 # Network connectivity full - error
25.11.19 - 09:24:52 # Network connectivity full - error
25.11.19 - 09:24:53 # Network connectivity full - error
25.11.19 - 09:24:54 # Network connectivity full - error
25.11.19 - 09:24:55 # Network connectivity full - error
25.11.19 - 09:24:56 # Network connectivity full - error
25.11.19 - 09:24:57 # Network connectivity full - error
25.11.19 - 09:24:58 # Network connectivity full - error
25.11.19 - 09:24:59 # Network connectivity full - error
25.11.19 - 09:25:00 # Network connectivity full - error
25.11.19 - 09:25:01 # Network connectivity full - error
25.11.19 - 09:25:02 # Network connectivity full - error
25.11.19 - 09:25:03 # Network connectivity full - error
25.11.19 - 09:25:04 # Network connectivity full - error
25.11.19 - 09:25:05 # Network connectivity full - error
25.11.19 - 09:25:06 # Network connectivity full - error
25.11.19 - 09:25:07 # Network connectivity full - error
25.11.19 - 09:25:08 # Network connectivity full - error
25.11.19 - 09:25:09 # Network connectivity full - error
25.11.19 - 09:25:10 # Network connectivity full - error
25.11.19 - 09:25:11 # Network connectivity full - error
25.11.19 - 09:25:12 # Network connectivity full - error
25.11.19 - 09:25:13 # Network connectivity full - error
25.11.19 - 09:25:14 # Network connectivity full - error
25.11.19 - 09:25:15 # Network connectivity full - error
25.11.19 - 09:25:16 # Network connectivity full - error
25.11.19 - 09:25:17 # Network connectivity full - error
25.11.19 - 09:25:18 # Network connectivity full - error
25.11.19 - 09:25:19 # Network connectivity full - error
25.11.19 - 09:25:20 # Network connectivity full - error
25.11.19 - 09:25:21 # Network connectivity full - error
25.11.19 - 09:25:22 # Network connectivity full - error
25.11.19 - 09:25:23 # Network connectivity full - error
25.11.19 - 09:25:24 # Network connectivity full - error
25.11.19 - 09:25:25 # Network connectivity full - error
25.11.19 - 09:25:26 # Network connectivity full - error
25.11.19 - 09:25:27 # Network connectivity full - error
25.11.19 - 09:25:28 # Network connectivity full - error
25.11.19 - 09:25:29 # Network connectivity full - error
25.11.19 - 09:25:30 # Network connectivity full - error
25.11.19 - 09:25:31 # Network connectivity full - error
25.11.19 - 09:25:32 # Network connectivity full - error
25.11.19 - 09:25:33 # Network connectivity full - error
25.11.19 - 09:25:34 # Network connectivity full - error
25.11.19 - 09:25:35 # Network connectivity full - error
25.11.19 - 09:25:36 # Network connectivity full - error
25.11.19 - 09:25:37 # Network connectivity full - error
25.11.19 - 09:25:38 # Network connectivity full - error
25.11.19 - 09:25:39 # Network connectivity full - error
25.11.19 - 09:25:40 # Network connectivity full - error
25.11.19 - 09:25:41 # Network connectivity full - error
25.11.19 - 09:25:42 # Network connectivity full - error
25.11.19 - 09:25:43 # Network connectivity full - error
25.11.19 - 09:25:44 # Network connectivity full - error
25.11.19 - 09:25:45 # Network connectivity full - error
25.11.19 - 09:25:46 # Network connectivity full - error
25.11.19 - 09:25:47 # Network connectivity full - error
25.11.19 - 09:25:48 # Network connectivity full - error
25.11.19 - 09:25:49 # Network connectivity full - error
25.11.19 - 09:25:50 # Network connectivity full - error
25.11.19 - 09:25:51 # Network connectivity full - error
25.11.19 - 09:25:52 # Network connectivity full - error
25.11.19 - 09:25:53 # Network connectivity full - error
25.11.19 - 09:25:54 # Network connectivity full - error
25.11.19 - 09:25:55 # Network connectivity full: 25/11/19 - 09:25:55 - client disconnected - 192.168.50.146
25.11.19 - 09:26:02 # Received Connection from client!
25.11.19 - 09:26:02 # 25/11/19 - 09:26:02 - client connected - 192.168.50.146

25.11.19 - 09:26:07 # Network connectivity full - ok
25.11.19 - 09:26:08 # Network connectivity full - ok
25.11.19 - 09:26:09 # Network connectivity full - ok
25.11.19 - 09:26:10 # Network connectivity full - ok
25.11.19 - 09:26:11 # Network connectivity full - ok
25.11.19 - 09:26:12 # Network connectivity full - ok
25.11.19 - 09:26:13 # Network connectivity full - ok
25.11.19 - 09:26:14 # Network connectivity full - ok
25.11.19 - 09:26:15 # Network connectivity full - ok
25.11.19 - 09:26:16 # Network connectivity full - ok
25.11.19 - 09:26:17 # Network connectivity full - ok
25.11.19 - 09:26:18 # Network connectivity full - ok
25.11.19 - 09:26:19 # Network connectivity full - ok
25.11.19 - 09:26:20 # Network connectivity full - ok
25.11.19 - 09:26:21 # Network connectivity full - ok
25.11.19 - 09:26:22 # Network connectivity full - ok
25.11.19 - 09:26:23 # Network connectivity full - ok
25.11.19 - 09:26:24 # Network connectivity full - ok
25.11.19 - 09:26:25 # Network connectivity full - ok
25.11.19 - 09:26:26 # Network connectivity full - ok
25.11.19 - 09:26:27 # Network connectivity full - ok
25.11.19 - 09:26:28 # Network connectivity full - ok
25.11.19 - 09:26:29 # Network connectivity full - ok
25.11.19 - 09:26:30 # Network connectivity full - ok
25.11.19 - 09:26:31 # Network connectivity full - ok
25.11.19 - 09:26:32 # Network connectivity full - ok
25.11.19 - 09:26:33 # Network connectivity full - ok
25.11.19 - 09:26:34 # Network connectivity full - ok
25.11.19 - 09:26:35 # Network connectivity full - ok
25.11.19 - 09:26:36 # Network connectivity full - ok
25.11.19 - 09:26:37 # Network connectivity full - ok
25.11.19 - 09:26:38 # Network connectivity full - ok
25.11.19 - 09:26:39 # Network connectivity full - ok
25.11.19 - 09:26:40 # Network connectivity full - ok
25.11.19 - 09:26:41 # Network connectivity full - ok
25.11.19 - 09:26:42 # Network connectivity full - ok
25.11.19 - 09:26:43 # Network connectivity full - ok
25.11.19 - 09:26:44 # Network connectivity full - ok
25.11.19 - 09:26:45 # Network connectivity full - ok
25.11.19 - 09:26:46 # Network connectivity full - ok
25.11.19 - 09:26:47 # Network connectivity full - ok
25.11.19 - 09:26:48 # Network connectivity full - ok
25.11.19 - 09:26:49 # Network connectivity full - ok
25.11.19 - 09:26:50 # Network connectivity full - ok
25.11.19 - 09:26:51 # Network connectivity full - ok
25.11.19 - 09:26:52 # Network connectivity full - ok
25.11.19 - 09:26:53 # Network connectivity full - ok
25.11.19 - 09:26:54 # Network connectivity full - ok
25.11.19 - 09:26:55 # Network connectivity full - ok
25.11.19 - 09:26:56 # Network connectivity full - ok
25.11.19 - 09:26:57 # Network connectivity full - ok
25.11.19 - 09:26:58 # Network connectivity full - ok
25.11.19 - 09:26:59 # Network connectivity full - ok
25.11.19 - 09:27:00 # Network connectivity full - ok
25.11.19 - 09:27:01 # Network connectivity full - ok
25.11.19 - 09:27:02 # Network connectivity full - ok
25.11.19 - 09:27:03 # Network connectivity full - ok
25.11.19 - 09:27:04 # Network connectivity full - ok
25.11.19 - 09:27:05 # Network connectivity full - ok
25.11.19 - 09:27:06 # Network connectivity full - ok
25.11.19 - 09:27:07 # Network connectivity full - ok
25.11.19 - 09:27:08 # Network connectivity full - ok
25.11.19 - 09:27:09 # Network connectivity full - ok
25.11.19 - 09:27:10 # Network connectivity full - ok
25.11.19 - 09:27:11 # Network connectivity full - ok
25.11.19 - 09:27:12 # Network connectivity full - ok
25.11.19 - 09:27:13 # Network connectivity full - ok
25.11.19 - 09:27:14 # Network connectivity full - ok
25.11.19 - 09:27:15 # Network connectivity full - ok
25.11.19 - 09:27:16 # Network connectivity full - ok
25.11.19 - 09:27:17 # Network connectivity full - ok
25.11.19 - 09:27:18 # Network connectivity full - ok
25.11.19 - 09:27:19 # Network connectivity full - ok
25.11.19 - 09:27:20 # Network connectivity full - ok
25.11.19 - 09:27:21 # Network connectivity full - ok
25.11.19 - 09:27:22 # Network connectivity full - ok
25.11.19 - 09:27:22 # Network connectivity full: 25/11/19 - 09:27:22 - client disconnected - 192.168.50.146
25.11.19 - 09:27:27 # Received Connection from client!
25.11.19 - 09:27:27 # 25/11/19 - 09:27:27 - client connected - 192.168.50.146

25.11.19 - 09:27:32 # Network connectivity full - ok
25.11.19 - 09:27:33 # Network connectivity full - ok
25.11.19 - 09:27:34 # Network connectivity full - ok
25.11.19 - 09:27:35 # Network connectivity full - ok
25.11.19 - 09:27:36 # Network connectivity full - ok
25.11.19 - 09:27:37 # Network connectivity full - ok
25.11.19 - 09:27:38 # Network connectivity full - ok
25.11.19 - 09:27:39 # Network connectivity full - ok
25.11.19 - 09:27:40 # Network connectivity full - ok
25.11.19 - 09:27:41 # Network connectivity full - ok
25.11.19 - 09:27:42 # Network connectivity full - ok
25.11.19 - 09:27:43 # Network connectivity full - ok
25.11.19 - 09:27:44 # Network connectivity full - ok
25.11.19 - 09:27:45 # Network connectivity full - ok
25.11.19 - 09:27:46 # Network connectivity full - ok
25.11.19 - 09:27:47 # Network connectivity full - ok
25.11.19 - 09:27:48 # Network connectivity full - ok
25.11.19 - 09:27:49 # Network connectivity full - ok
25.11.19 - 09:27:50 # Network connectivity full: 25/11/19 - 09:27:50 - client disconnected - 192.168.50.146
25.11.19 - 09:27:52 # Received Connection from client!
25.11.19 - 09:27:52 # 25/11/19 - 09:27:52 - client connected - 192.168.50.146

25.11.19 - 09:27:57 # Network connectivity full - ok
25.11.19 - 09:27:58 # Network connectivity full - ok
25.11.19 - 09:27:59 # Network connectivity full - ok
25.11.19 - 09:28:00 # Network connectivity full - ok
25.11.19 - 09:28:01 # Network connectivity full - ok
25.11.19 - 09:28:02 # Network connectivity full - ok
25.11.19 - 09:28:03 # Network connectivity full - ok
25.11.19 - 09:28:04 # Network connectivity full - ok
25.11.19 - 09:28:05 # Network connectivity full - ok
25.11.19 - 09:28:06 # Network connectivity full - ok
25.11.19 - 09:28:07 # Network connectivity full - ok
25.11.19 - 09:28:08 # Network connectivity full - ok
25.11.19 - 09:28:09 # Network connectivity full - ok
25.11.19 - 09:28:10 # Network connectivity full - ok
25.11.19 - 09:28:11 # Network connectivity full - ok
25.11.19 - 09:28:12 # Network connectivity full - ok
25.11.19 - 09:28:13 # Network connectivity full - ok
25.11.19 - 09:28:14 # Network connectivity full - ok
25.11.19 - 09:28:15 # Network connectivity full - ok
25.11.19 - 09:28:16 # Network connectivity full - ok
25.11.19 - 09:28:17 # Network connectivity full - ok
25.11.19 - 09:28:18 # Network connectivity full - ok
25.11.19 - 09:28:19 # Network connectivity full - ok
25.11.19 - 09:28:20 # Network connectivity full - ok
25.11.19 - 09:28:21 # Network connectivity full - ok
25.11.19 - 09:28:22 # Network connectivity full - ok
25.11.19 - 09:28:23 # Network connectivity full - ok
25.11.19 - 09:28:24 # Network connectivity full - ok
25.11.19 - 09:28:25 # Network connectivity full - ok
25.11.19 - 09:28:26 # Network connectivity full - ok
25.11.19 - 09:28:27 # Network connectivity full - ok
25.11.19 - 09:28:28 # Network connectivity full - ok
25.11.19 - 09:28:29 # Network connectivity full - ok
25.11.19 - 09:28:30 # Network connectivity full - ok
25.11.19 - 09:28:31 # Network connectivity full - ok
25.11.19 - 09:28:32 # Network connectivity full - ok
25.11.19 - 09:28:33 # Network connectivity full - ok
25.11.19 - 09:28:34 # Network connectivity full - ok
25.11.19 - 09:28:35 # Network connectivity full - ok
25.11.19 - 09:28:36 # Network connectivity full - ok
25.11.19 - 09:28:37 # Network connectivity full - ok
25.11.19 - 09:28:38 # Network connectivity full - ok
25.11.19 - 09:28:39 # Network connectivity full - ok
25.11.19 - 09:28:40 # Network connectivity full - ok
25.11.19 - 09:28:41 # Network connectivity full - ok
25.11.19 - 09:28:42 # Network connectivity full - ok
25.11.19 - 09:28:43 # Network connectivity full - ok
25.11.19 - 09:28:44 # Network connectivity full - ok
25.11.19 - 09:28:45 # Network connectivity full - ok
25.11.19 - 09:28:46 # Network connectivity full - ok
25.11.19 - 09:28:47 # Network connectivity full - ok
25.11.19 - 09:28:48 # Network connectivity full - ok
25.11.19 - 09:28:49 # Network connectivity full - ok
25.11.19 - 09:28:50 # Network connectivity full - ok
25.11.19 - 09:28:51 # Network connectivity full - ok
25.11.19 - 09:28:52 # Network connectivity full - ok
25.11.19 - 09:28:53 # Network connectivity full - ok
25.11.19 - 09:28:54 # Network connectivity full - ok
25.11.19 - 09:28:55 # Network connectivity full - ok
25.11.19 - 09:28:56 # Network connectivity full - ok
25.11.19 - 09:28:57 # Network connectivity full - ok
25.11.19 - 09:28:58 # Network connectivity full - ok
25.11.19 - 09:28:59 # Network connectivity full - ok
25.11.19 - 09:29:00 # Network connectivity full - ok
25.11.19 - 09:29:01 # Network connectivity full - ok
25.11.19 - 09:29:02 # Network connectivity full - ok
25.11.19 - 09:29:03 # Network connectivity full - ok
25.11.19 - 09:29:04 # Network connectivity full - ok
25.11.19 - 09:29:05 # Network connectivity full - ok
25.11.19 - 09:29:06 # Network connectivity full - ok
25.11.19 - 09:29:07 # Network connectivity full - ok
25.11.19 - 09:29:08 # Network connectivity full - ok
25.11.19 - 09:29:09 # Network connectivity full - ok
25.11.19 - 09:29:10 # Network connectivity full - ok
25.11.19 - 09:29:11 # Network connectivity full - ok
25.11.19 - 09:29:12 # Network connectivity full - ok
25.11.19 - 09:29:13 # Network connectivity full - ok
25.11.19 - 09:29:14 # Network connectivity full - ok
25.11.19 - 09:29:15 # Network connectivity full - ok
25.11.19 - 09:29:16 # Network connectivity full - ok
25.11.19 - 09:29:17 # Network connectivity full - ok
25.11.19 - 09:29:18 # Network connectivity full - ok
25.11.19 - 09:29:19 # Network connectivity full - ok
25.11.19 - 09:29:20 # Network connectivity full - ok
25.11.19 - 09:29:21 # Network connectivity full - ok
25.11.19 - 09:29:22 # Network connectivity full - ok
25.11.19 - 09:29:23 # Network connectivity full - ok
25.11.19 - 09:29:24 # Network connectivity full - ok
25.11.19 - 09:29:25 # Network connectivity full - ok
25.11.19 - 09:29:26 # Network connectivity full - ok
25.11.19 - 09:29:27 # Network connectivity full - ok
25.11.19 - 09:29:28 # Network connectivity full - ok
25.11.19 - 09:29:29 # Network connectivity full - ok
25.11.19 - 09:29:30 # Network connectivity full - ok
25.11.19 - 09:29:31 # Network connectivity full - ok
25.11.19 - 09:29:32 # Network connectivity full - ok
25.11.19 - 09:29:33 # Network connectivity full - ok
25.11.19 - 09:29:34 # Network connectivity full - ok
25.11.19 - 09:29:35 # Network connectivity full - ok
25.11.19 - 09:29:36 # Network connectivity full - ok
25.11.19 - 09:29:37 # Network connectivity full - ok
25.11.19 - 09:29:38 # Network connectivity full - ok
25.11.19 - 09:29:39 # Network connectivity full - ok
25.11.19 - 09:29:40 # Network connectivity full - ok
25.11.19 - 09:29:41 # Network connectivity full - ok
25.11.19 - 09:29:42 # Network connectivity full - ok
25.11.19 - 09:29:43 # Network connectivity full - ok
25.11.19 - 09:29:44 # Network connectivity full - ok
25.11.19 - 09:29:45 # Network connectivity full - ok
25.11.19 - 09:29:46 # Network connectivity full - ok
25.11.19 - 09:29:47 # Network connectivity full - ok
25.11.19 - 09:29:48 # Network connectivity full - ok
25.11.19 - 09:29:49 # Network connectivity full - ok
25.11.19 - 09:29:50 # Network connectivity full - ok
25.11.19 - 09:29:51 # Network connectivity full - ok
25.11.19 - 09:29:52 # Network connectivity full - ok
25.11.19 - 09:29:53 # Network connectivity full - ok
25.11.19 - 09:29:54 # Network connectivity full - ok
25.11.19 - 09:29:55 # Network connectivity full - ok
25.11.19 - 09:29:56 # Network connectivity full - ok
25.11.19 - 09:29:57 # Network connectivity full - ok
25.11.19 - 09:29:58 # Network connectivity full - ok
25.11.19 - 09:29:59 # Network connectivity full - ok
25.11.19 - 09:30:00 # Network connectivity full - ok
25.11.19 - 09:30:01 # Network connectivity full - ok
25.11.19 - 09:30:02 # Network connectivity full - ok
25.11.19 - 09:30:03 # Network connectivity full - ok
25.11.19 - 09:30:04 # Network connectivity full - ok
25.11.19 - 09:30:05 # Network connectivity full - ok
25.11.19 - 09:30:06 # Network connectivity full - ok
25.11.19 - 09:30:07 # Network connectivity full - ok
25.11.19 - 09:30:08 # Network connectivity full - ok
25.11.19 - 09:30:09 # Network connectivity full - ok
25.11.19 - 09:30:10 # Network connectivity full - ok
25.11.19 - 09:30:11 # Network connectivity full - ok
25.11.19 - 09:30:12 # Network connectivity full - ok
25.11.19 - 09:30:13 # Network connectivity full - ok
25.11.19 - 09:30:14 # Network connectivity full - ok
25.11.19 - 09:30:15 # Network connectivity full - ok
25.11.19 - 09:30:16 # Network connectivity full - ok
25.11.19 - 09:30:17 # Network connectivity full - ok
25.11.19 - 09:30:18 # Network connectivity full - ok
25.11.19 - 09:30:19 # Network connectivity full - ok
25.11.19 - 09:30:20 # Network connectivity full - ok
25.11.19 - 09:30:21 # Network connectivity full - ok
25.11.19 - 09:30:22 # Network connectivity full - ok
25.11.19 - 09:30:23 # Network connectivity full - ok
25.11.19 - 09:30:24 # Network connectivity full - ok
25.11.19 - 09:30:25 # Network connectivity full - ok
25.11.19 - 09:30:26 # Network connectivity full - ok
25.11.19 - 09:30:27 # Network connectivity full - ok
25.11.19 - 09:30:28 # Network connectivity full - ok
25.11.19 - 09:30:29 # Network connectivity full - ok
25.11.19 - 09:30:30 # Network connectivity full - ok
25.11.19 - 09:30:31 # Network connectivity full - ok
25.11.19 - 09:30:32 # Network connectivity full - ok
25.11.19 - 09:30:33 # Network connectivity full - ok
25.11.19 - 09:30:34 # Network connectivity full - ok
25.11.19 - 09:30:35 # Network connectivity full - ok
25.11.19 - 09:30:36 # Network connectivity full - ok
25.11.19 - 09:30:37 # Network connectivity full - ok
25.11.19 - 09:30:38 # Network connectivity full - ok
25.11.19 - 09:30:39 # Network connectivity full - ok
25.11.19 - 09:30:40 # Network connectivity full - ok
25.11.19 - 09:30:41 # Network connectivity full - ok
25.11.19 - 09:30:42 # Network connectivity full - ok
25.11.19 - 09:30:43 # Network connectivity full - ok
25.11.19 - 09:30:44 # Network connectivity full - ok
25.11.19 - 09:30:45 # Network connectivity full - ok
25.11.19 - 09:30:46 # Network connectivity full - ok
25.11.19 - 09:30:47 # Network connectivity full - ok
25.11.19 - 09:30:48 # Network connectivity full - ok
25.11.19 - 09:30:49 # Network connectivity full - ok
25.11.19 - 09:30:50 # Network connectivity full - ok
25.11.19 - 09:30:51 # Network connectivity full - ok
25.11.19 - 09:30:52 # Network connectivity full - ok
25.11.19 - 09:30:53 # Network connectivity full - ok
25.11.19 - 09:30:54 # Network connectivity full - ok
25.11.19 - 09:30:55 # Network connectivity full - ok
25.11.19 - 09:30:56 # Network connectivity full - ok
25.11.19 - 09:30:57 # Network connectivity full - ok
25.11.19 - 09:30:58 # Network connectivity full - ok
25.11.19 - 09:30:59 # Network connectivity full - ok
25.11.19 - 09:31:00 # Network connectivity full - ok
25.11.19 - 09:31:00 # Network connectivity full: 25/11/19 - 09:31:00 - client disconnected - 192.168.50.146
25.11.19 - 09:31:05 # Received Connection from client!
25.11.19 - 09:31:05 # 25/11/19 - 09:31:05 - client connected - 192.168.50.146

25.11.19 - 09:31:10 # Network connectivity full - ok
25.11.19 - 09:31:11 # Network connectivity full - ok
25.11.19 - 09:31:12 # Network connectivity full - ok
25.11.19 - 09:31:13 # Network connectivity full - ok
25.11.19 - 09:31:14 # Network connectivity full - ok
25.11.19 - 09:31:15 # Network connectivity full - ok
25.11.19 - 09:31:16 # Network connectivity full - ok
25.11.19 - 09:31:17 # Network connectivity full - ok
25.11.19 - 09:31:18 # Network connectivity full - ok
25.11.19 - 09:31:19 # Network connectivity full - ok
25.11.19 - 09:31:20 # Network connectivity full - ok
25.11.19 - 09:31:21 # Network connectivity full - ok
25.11.19 - 09:31:22 # Network connectivity full - ok
25.11.19 - 09:31:23 # Network connectivity full - ok
25.11.19 - 09:31:24 # Network connectivity full - ok
25.11.19 - 09:31:25 # Network connectivity full - ok
25.11.19 - 09:31:26 # Network connectivity full - ok
25.11.19 - 09:31:27 # Network connectivity full - ok
25.11.19 - 09:31:28 # Network connectivity full - ok
25.11.19 - 09:31:29 # Network connectivity full - ok
25.11.19 - 09:31:30 # Network connectivity full - ok
25.11.19 - 09:31:31 # Network connectivity full - ok
25.11.19 - 09:31:32 # Network connectivity full - ok
25.11.19 - 09:31:33 # Network connectivity full - ok
25.11.19 - 09:31:34 # Network connectivity full - ok
25.11.19 - 09:31:35 # Network connectivity full - ok
25.11.19 - 09:31:36 # Network connectivity full - ok
25.11.19 - 09:31:37 # Network connectivity full - ok
25.11.19 - 09:31:38 # Network connectivity full - ok
25.11.19 - 09:31:39 # Network connectivity full - ok
25.11.19 - 09:31:40 # Network connectivity full - ok
25.11.19 - 09:31:41 # Network connectivity full - ok
25.11.19 - 09:31:42 # Network connectivity full - ok
25.11.19 - 09:31:43 # Network connectivity full - ok
25.11.19 - 09:31:44 # Network connectivity full - ok
25.11.19 - 09:31:45 # Network connectivity full - ok
25.11.19 - 09:31:46 # Network connectivity full - ok
25.11.19 - 09:31:47 # Network connectivity full - ok
25.11.19 - 09:31:48 # Network connectivity full - ok
25.11.19 - 09:31:49 # Network connectivity full - ok
25.11.19 - 09:31:50 # Network connectivity full - ok
25.11.19 - 09:31:51 # Network connectivity full - ok
25.11.19 - 09:31:52 # Network connectivity full - ok
25.11.19 - 09:31:53 # Network connectivity full - ok
25.11.19 - 09:31:54 # Network connectivity full - ok
25.11.19 - 09:31:55 # Network connectivity full - ok
25.11.19 - 09:31:56 # Network connectivity full - ok
25.11.19 - 09:31:57 # Network connectivity full - ok
25.11.19 - 09:31:58 # Network connectivity full - ok
25.11.19 - 09:31:59 # Network connectivity full - ok
25.11.19 - 09:32:00 # Network connectivity full - ok
25.11.19 - 09:32:01 # Network connectivity full - ok
25.11.19 - 09:32:02 # Network connectivity full - ok
25.11.19 - 09:32:03 # Network connectivity full - ok
25.11.19 - 09:32:04 # Network connectivity full - ok
25.11.19 - 09:32:05 # Network connectivity full - ok
25.11.19 - 09:32:06 # Network connectivity full - ok
25.11.19 - 09:32:07 # Network connectivity full - ok
25.11.19 - 09:32:08 # Network connectivity full - ok
25.11.19 - 09:32:09 # Network connectivity full - ok
25.11.19 - 09:32:10 # Network connectivity full - ok
25.11.19 - 09:32:11 # Network connectivity full - ok
25.11.19 - 09:32:12 # Network connectivity full - ok
25.11.19 - 09:32:13 # Network connectivity full - ok
25.11.19 - 09:32:14 # Network connectivity full - ok
25.11.19 - 09:32:15 # Network connectivity full - ok
25.11.19 - 09:32:16 # Network connectivity full - ok
25.11.19 - 09:32:17 # Network connectivity full - ok
25.11.19 - 09:32:18 # Network connectivity full - ok
25.11.19 - 09:32:19 # Network connectivity full - ok
25.11.19 - 09:32:20 # Network connectivity full - ok
25.11.19 - 09:32:21 # Network connectivity full - ok
25.11.19 - 09:32:22 # Network connectivity full - ok
25.11.19 - 09:32:23 # Network connectivity full - ok
25.11.19 - 09:32:24 # Network connectivity full - ok
25.11.19 - 09:32:25 # Network connectivity full - ok
25.11.19 - 09:32:26 # Network connectivity full - ok
25.11.19 - 09:32:27 # Network connectivity full - ok
25.11.19 - 09:32:28 # Network connectivity full - ok
25.11.19 - 09:32:29 # Network connectivity full - ok
25.11.19 - 09:32:30 # Network connectivity full - ok
25.11.19 - 09:32:31 # Network connectivity full - ok
25.11.19 - 09:32:32 # Network connectivity full - ok
25.11.19 - 09:32:33 # Network connectivity full - ok
25.11.19 - 09:32:34 # Network connectivity full - ok
25.11.19 - 09:32:35 # Network connectivity full - ok
25.11.19 - 09:32:36 # Network connectivity full - ok
25.11.19 - 09:32:37 # Network connectivity full - ok
25.11.19 - 09:32:38 # Network connectivity full - ok
25.11.19 - 09:32:39 # Network connectivity full - ok
25.11.19 - 09:32:40 # Network connectivity full - ok
25.11.19 - 09:32:41 # Network connectivity full - ok
25.11.19 - 09:32:42 # Network connectivity full - ok
25.11.19 - 09:32:43 # Network connectivity full - ok
25.11.19 - 09:32:44 # Network connectivity full - ok
25.11.19 - 09:32:45 # Network connectivity full - ok
25.11.19 - 09:32:46 # Network connectivity full - ok
25.11.19 - 09:32:47 # Network connectivity full - ok
25.11.19 - 09:32:48 # Network connectivity full - ok
25.11.19 - 09:32:49 # Network connectivity full - ok
25.11.19 - 09:32:50 # Network connectivity full - ok
25.11.19 - 09:32:51 # Network connectivity full - ok
25.11.19 - 09:32:52 # Network connectivity full - ok
25.11.19 - 09:32:53 # Network connectivity full - ok
25.11.19 - 09:32:54 # Network connectivity full - ok
25.11.19 - 09:32:55 # Network connectivity full - ok
25.11.19 - 09:32:56 # Network connectivity full - ok
25.11.19 - 09:32:57 # Network connectivity full - ok
25.11.19 - 09:32:58 # Network connectivity full - ok
25.11.19 - 09:32:59 # Network connectivity full - ok
25.11.19 - 09:33:00 # Network connectivity full - ok
25.11.19 - 09:33:01 # Network connectivity full - ok
25.11.19 - 09:33:02 # Network connectivity full - ok
25.11.19 - 09:33:03 # Network connectivity full - ok
25.11.19 - 09:33:04 # Network connectivity full - ok
25.11.19 - 09:33:05 # Network connectivity full - ok
25.11.19 - 09:33:06 # Network connectivity full - ok
25.11.19 - 09:33:07 # Network connectivity full - ok
25.11.19 - 09:33:08 # Network connectivity full - ok
25.11.19 - 09:33:09 # Network connectivity full - ok
25.11.19 - 09:33:10 # Network connectivity full - ok
25.11.19 - 09:33:11 # Network connectivity full - ok
25.11.19 - 09:33:12 # Network connectivity full - ok
25.11.19 - 09:33:13 # Network connectivity full - ok
25.11.19 - 09:33:14 # Network connectivity full - ok
25.11.19 - 09:33:15 # Network connectivity full - ok
25.11.19 - 09:33:16 # Network connectivity full - ok
25.11.19 - 09:33:17 # Network connectivity full - ok
25.11.19 - 09:33:18 # Network connectivity full - ok
25.11.19 - 09:33:19 # Network connectivity full - ok
25.11.19 - 09:33:20 # Network connectivity full - ok
25.11.19 - 09:33:21 # Network connectivity full - ok
25.11.19 - 09:33:22 # Network connectivity full - ok
25.11.19 - 09:33:23 # Network connectivity full - ok
25.11.19 - 09:33:24 # Network connectivity full - ok
25.11.19 - 09:33:25 # Network connectivity full - ok
25.11.19 - 09:33:26 # Network connectivity full - ok
25.11.19 - 09:33:27 # Network connectivity full - ok
25.11.19 - 09:33:28 # Network connectivity full - ok
25.11.19 - 09:33:29 # Network connectivity full - ok
25.11.19 - 09:33:30 # Network connectivity full - ok
25.11.19 - 09:33:31 # Network connectivity full - ok
25.11.19 - 09:33:32 # Network connectivity full - ok
25.11.19 - 09:33:33 # Network connectivity full - ok
25.11.19 - 09:33:34 # Network connectivity full - ok
25.11.19 - 09:33:35 # Network connectivity full - ok
25.11.19 - 09:33:36 # Network connectivity full - ok
25.11.19 - 09:33:37 # Network connectivity full - ok
25.11.19 - 09:33:38 # Network connectivity full - ok
25.11.19 - 09:33:39 # Network connectivity full - ok
25.11.19 - 09:33:40 # Network connectivity full - ok
25.11.19 - 09:33:41 # Network connectivity full - ok
25.11.19 - 09:33:42 # Network connectivity full - ok
25.11.19 - 09:33:43 # Network connectivity full - ok
25.11.19 - 09:33:44 # Network connectivity full - ok
25.11.19 - 09:33:45 # Network connectivity full - ok
25.11.19 - 09:33:46 # Network connectivity full - ok
25.11.19 - 09:33:47 # Network connectivity full - ok
25.11.19 - 09:33:48 # Network connectivity full - ok
25.11.19 - 09:33:49 # Network connectivity full - ok
25.11.19 - 09:33:50 # Network connectivity full - ok
25.11.19 - 09:33:51 # Network connectivity full - ok
25.11.19 - 09:33:52 # Network connectivity full - ok
25.11.19 - 09:33:53 # Network connectivity full - ok
25.11.19 - 09:33:54 # Network connectivity full - ok
25.11.19 - 09:33:55 # Network connectivity full - ok
25.11.19 - 09:33:56 # Network connectivity full - ok
25.11.19 - 09:33:57 # Network connectivity full - ok
25.11.19 - 09:33:58 # Network connectivity full - ok
25.11.19 - 09:33:59 # Network connectivity full - ok
25.11.19 - 09:34:00 # Network connectivity full - ok
25.11.19 - 09:34:01 # Network connectivity full - ok
25.11.19 - 09:34:02 # Network connectivity full - ok
25.11.19 - 09:34:03 # Network connectivity full - ok
25.11.19 - 09:34:04 # Network connectivity full - ok
25.11.19 - 09:34:05 # Network connectivity full - ok
25.11.19 - 09:34:06 # Network connectivity full - ok
25.11.19 - 09:34:07 # Network connectivity full - ok
25.11.19 - 09:34:08 # Network connectivity full - ok
25.11.19 - 09:34:09 # Network connectivity full - ok
25.11.19 - 09:34:10 # Network connectivity full - ok
25.11.19 - 09:34:11 # Network connectivity full - ok
25.11.19 - 09:34:12 # Network connectivity full - ok
25.11.19 - 09:34:13 # Network connectivity full - ok
25.11.19 - 09:34:14 # Network connectivity full - ok
25.11.19 - 09:34:15 # Network connectivity full - ok
25.11.19 - 09:34:16 # Network connectivity full - ok
25.11.19 - 09:34:17 # Network connectivity full - ok
25.11.19 - 09:34:18 # Network connectivity full - ok
25.11.19 - 09:34:19 # Network connectivity full - ok
25.11.19 - 09:34:20 # Network connectivity full - ok
25.11.19 - 09:34:21 # Network connectivity full - ok
25.11.19 - 09:34:22 # Network connectivity full - ok
25.11.19 - 09:34:23 # Network connectivity full - ok
25.11.19 - 09:34:24 # Network connectivity full - ok
25.11.19 - 09:34:25 # Network connectivity full - ok
25.11.19 - 09:34:26 # Network connectivity full - ok
25.11.19 - 09:34:27 # Network connectivity full - ok
25.11.19 - 09:34:28 # Network connectivity full - ok
25.11.19 - 09:34:29 # Network connectivity full - ok
25.11.19 - 09:34:30 # Network connectivity full - ok
25.11.19 - 09:34:31 # Network connectivity full - ok
25.11.19 - 09:34:32 # Network connectivity full - ok
25.11.19 - 09:34:33 # Network connectivity full - ok
25.11.19 - 09:34:34 # Network connectivity full - ok
25.11.19 - 09:34:35 # Network connectivity full - ok
25.11.19 - 09:34:36 # Network connectivity full - ok
25.11.19 - 09:34:37 # Network connectivity full - ok
25.11.19 - 09:34:38 # Network connectivity full - ok
25.11.19 - 09:34:39 # Network connectivity full - ok
25.11.19 - 09:34:40 # Network connectivity full - ok
25.11.19 - 09:34:41 # Network connectivity full - ok
25.11.19 - 09:34:42 # Network connectivity full - ok
25.11.19 - 09:34:43 # Network connectivity full - ok
25.11.19 - 09:34:44 # Network connectivity full - ok
25.11.19 - 09:34:45 # Network connectivity full - ok
25.11.19 - 09:34:46 # Network connectivity full - ok
25.11.19 - 09:34:47 # Network connectivity full - ok
25.11.19 - 09:34:48 # Network connectivity full - ok
25.11.19 - 09:34:49 # Network connectivity full - ok
25.11.19 - 09:34:50 # Network connectivity full - ok
25.11.19 - 09:34:51 # Network connectivity full - ok
25.11.19 - 09:34:52 # Network connectivity full - ok
25.11.19 - 09:34:53 # Network connectivity full - ok
25.11.19 - 09:34:54 # Network connectivity full - ok
25.11.19 - 09:34:55 # Network connectivity full - ok
25.11.19 - 09:34:56 # Network connectivity full - ok
25.11.19 - 09:34:57 # Network connectivity full - ok
25.11.19 - 09:34:58 # Network connectivity full - ok
25.11.19 - 09:34:59 # Network connectivity full - ok
25.11.19 - 09:35:00 # Network connectivity full - ok
25.11.19 - 09:35:01 # Network connectivity full - ok
25.11.19 - 09:35:02 # Network connectivity full - ok
25.11.19 - 09:35:03 # Network connectivity full - ok
25.11.19 - 09:35:04 # Network connectivity full - ok
25.11.19 - 09:35:05 # Network connectivity full - ok
25.11.19 - 09:35:06 # Network connectivity full - ok
25.11.19 - 09:35:07 # Network connectivity full - ok
25.11.19 - 09:35:08 # Network connectivity full - ok
25.11.19 - 09:35:09 # Network connectivity full - ok
25.11.19 - 09:35:10 # Network connectivity full - ok
25.11.19 - 09:35:11 # Network connectivity full - ok
25.11.19 - 09:35:12 # Network connectivity full - ok
25.11.19 - 09:35:13 # Network connectivity full - ok
25.11.19 - 09:35:14 # Network connectivity full - ok
25.11.19 - 09:35:15 # Network connectivity full - ok
25.11.19 - 09:35:16 # Network connectivity full - ok
25.11.19 - 09:35:17 # Network connectivity full - ok
25.11.19 - 09:35:18 # Network connectivity full - ok
25.11.19 - 09:35:19 # Network connectivity full - ok
25.11.19 - 09:35:20 # Network connectivity full - ok
25.11.19 - 09:35:21 # Network connectivity full - ok
25.11.19 - 09:35:22 # Network connectivity full - ok
25.11.19 - 09:35:23 # Network connectivity full - ok
25.11.19 - 09:35:24 # Network connectivity full - ok
25.11.19 - 09:35:25 # Network connectivity full - ok
25.11.19 - 09:35:26 # Network connectivity full - ok
25.11.19 - 09:35:27 # Network connectivity full - ok
25.11.19 - 09:35:28 # Network connectivity full - ok
25.11.19 - 09:35:29 # Network connectivity full - ok
25.11.19 - 09:35:30 # Network connectivity full - ok
25.11.19 - 09:35:31 # Network connectivity full - ok
25.11.19 - 09:35:32 # Network connectivity full - ok
25.11.19 - 09:35:33 # Network connectivity full - ok
25.11.19 - 09:35:34 # Network connectivity full - ok
25.11.19 - 09:35:35 # Network connectivity full - ok
25.11.19 - 09:35:36 # Network connectivity full - ok
25.11.19 - 09:35:37 # Network connectivity full - ok
25.11.19 - 09:35:38 # Network connectivity full - ok
25.11.19 - 09:35:39 # Network connectivity full - ok
25.11.19 - 09:35:40 # Network connectivity full - ok
25.11.19 - 09:35:41 # Network connectivity full - ok
25.11.19 - 09:35:42 # Network connectivity full - ok
25.11.19 - 09:35:43 # Network connectivity full - ok
25.11.19 - 09:35:44 # Network connectivity full - ok
25.11.19 - 09:35:45 # Network connectivity full - ok
25.11.19 - 09:35:46 # Network connectivity full - ok
25.11.19 - 09:35:47 # Network connectivity full - ok
25.11.19 - 09:35:48 # Network connectivity full - ok
25.11.19 - 09:35:49 # Network connectivity full - ok
25.11.19 - 09:35:50 # Network connectivity full - ok
25.11.19 - 09:35:51 # Network connectivity full - ok
25.11.19 - 09:35:52 # Network connectivity full - ok
25.11.19 - 09:35:53 # Network connectivity full - ok
25.11.19 - 09:35:54 # Network connectivity full - ok
25.11.19 - 09:35:55 # Network connectivity full - ok
25.11.19 - 09:35:56 # Network connectivity full - ok
25.11.19 - 09:35:57 # Network connectivity full - ok
25.11.19 - 09:35:58 # Network connectivity full - ok
25.11.19 - 09:35:59 # Network connectivity full - ok
25.11.19 - 09:36:00 # Network connectivity full - ok
25.11.19 - 09:36:01 # Network connectivity full - ok
25.11.19 - 09:36:02 # Network connectivity full - ok
25.11.19 - 09:36:03 # Network connectivity full - ok
25.11.19 - 09:36:04 # Network connectivity full - ok
25.11.19 - 09:36:05 # Network connectivity full - ok
25.11.19 - 09:36:06 # Network connectivity full - ok
25.11.19 - 09:36:07 # Network connectivity full - ok
25.11.19 - 09:36:08 # Network connectivity full - ok
25.11.19 - 09:36:09 # Network connectivity full - ok
25.11.19 - 09:36:10 # Network connectivity full - ok
25.11.19 - 09:36:11 # Network connectivity full - ok
25.11.19 - 09:36:12 # Network connectivity full - ok
25.11.19 - 09:36:13 # Network connectivity full - ok
25.11.19 - 09:36:14 # Network connectivity full - ok
25.11.19 - 09:36:15 # Network connectivity full - ok
25.11.19 - 09:36:16 # Network connectivity full - ok
25.11.19 - 09:36:17 # Network connectivity full - ok
25.11.19 - 09:36:18 # Network connectivity full - ok
25.11.19 - 09:36:19 # Network connectivity full - ok
25.11.19 - 09:36:20 # Network connectivity full - ok
25.11.19 - 09:36:21 # Network connectivity full - ok
25.11.19 - 09:36:22 # Network connectivity full - ok
25.11.19 - 09:36:23 # Network connectivity full - ok
25.11.19 - 09:36:24 # Network connectivity full - ok
25.11.19 - 09:36:25 # Network connectivity full - ok
25.11.19 - 09:36:26 # Network connectivity full - ok
25.11.19 - 09:36:27 # Network connectivity full - ok
25.11.19 - 09:36:28 # Network connectivity full - ok
25.11.19 - 09:36:29 # Network connectivity full - ok
25.11.19 - 09:36:30 # Network connectivity full - ok
25.11.19 - 09:36:31 # Network connectivity full - ok
25.11.19 - 09:36:32 # Network connectivity full - ok
25.11.19 - 09:36:33 # Network connectivity full - ok
25.11.19 - 09:36:34 # Network connectivity full - ok
25.11.19 - 09:36:35 # Network connectivity full - ok
25.11.19 - 09:36:36 # Network connectivity full - ok
25.11.19 - 09:36:37 # Network connectivity full - ok
25.11.19 - 09:36:38 # Network connectivity full - ok
25.11.19 - 09:36:39 # Network connectivity full - ok
25.11.19 - 09:36:40 # Network connectivity full - ok
25.11.19 - 09:36:41 # Network connectivity full - ok
25.11.19 - 09:36:42 # Network connectivity full - ok
25.11.19 - 09:36:43 # Network connectivity full - ok
25.11.19 - 09:36:44 # Network connectivity full - ok
25.11.19 - 09:36:45 # Network connectivity full - ok
25.11.19 - 09:36:46 # Network connectivity full - ok
25.11.19 - 09:36:47 # Network connectivity full - ok
25.11.19 - 09:36:48 # Network connectivity full - ok
25.11.19 - 09:36:49 # Network connectivity full - ok
25.11.19 - 09:36:50 # Network connectivity full - ok
25.11.19 - 09:36:51 # Network connectivity full - ok
25.11.19 - 09:36:52 # Network connectivity full - ok
25.11.19 - 09:36:53 # Network connectivity full - ok
25.11.19 - 09:36:54 # Network connectivity full - ok
25.11.19 - 09:36:55 # Network connectivity full - ok
25.11.19 - 09:36:56 # Network connectivity full - ok
25.11.19 - 09:36:57 # Network connectivity full - ok
25.11.19 - 09:36:58 # Network connectivity full - ok
25.11.19 - 09:36:59 # Network connectivity full - ok
25.11.19 - 09:37:00 # Network connectivity full - ok
25.11.19 - 09:37:01 # Network connectivity full - ok
25.11.19 - 09:37:02 # Network connectivity full - ok
25.11.19 - 09:37:03 # Network connectivity full - ok
25.11.19 - 09:37:04 # Network connectivity full - ok
25.11.19 - 09:37:05 # Network connectivity full - ok
25.11.19 - 09:37:06 # Network connectivity full - ok
25.11.19 - 09:37:07 # Network connectivity full - ok
25.11.19 - 09:37:08 # Network connectivity full - ok
25.11.19 - 09:37:09 # Network connectivity full - ok
25.11.19 - 09:37:10 # Network connectivity full - ok
25.11.19 - 09:37:11 # Network connectivity full - ok
25.11.19 - 09:37:12 # Network connectivity full - ok
25.11.19 - 09:37:13 # Network connectivity full - ok
25.11.19 - 09:37:14 # Network connectivity full - ok
25.11.19 - 09:37:15 # Network connectivity full - ok
25.11.19 - 09:37:16 # Network connectivity full - ok
25.11.19 - 09:37:17 # Network connectivity full - ok
25.11.19 - 09:37:18 # Network connectivity full - ok
25.11.19 - 09:37:19 # Network connectivity full - ok
